#
# A fatal error has been detected by the Java Runtime Environment:
#
#  EXCEPTION_ACCESS_VIOLATION (0xc0000005) at pc=0x00007ffb2d03d4ed, pid=15656, tid=28460
#
# JRE version: OpenJDK Runtime Environment Corretto-22.0.2.9.1 (22.0.2+9) (build 22.0.2+9-FR)
# Java VM: OpenJDK 64-Bit Server VM Corretto-22.0.2.9.1 (22.0.2+9-FR, mixed mode, sharing, tiered, compressed oops, compressed class ptrs, g1 gc, windows-amd64)
# Problematic frame:
# V  [jvm.dll+0x36d4ed]
#
# No core dump will be written. Minidumps are not enabled by default on client versions of Windows
#
# If you would like to submit a bug report, please visit:
#   https://github.com/corretto/corretto-22/issues/
#

---------------  S U M M A R Y ------------

Command Line: --add-opens=java.base/java.util=ALL-UNNAMED --add-opens=java.base/java.lang=ALL-UNNAMED --add-opens=java.base/java.lang.invoke=ALL-UNNAMED --add-opens=java.prefs/java.util.prefs=ALL-UNNAMED --add-exports=jdk.compiler/com.sun.tools.javac.api=ALL-UNNAMED --add-exports=jdk.compiler/com.sun.tools.javac.util=ALL-UNNAMED --add-opens=java.base/java.nio.charset=ALL-UNNAMED --add-opens=java.base/java.net=ALL-UNNAMED --add-opens=java.base/java.util.concurrent.atomic=ALL-UNNAMED -Xmx2g -Dfile.encoding=windows-1250 -Duser.country=HU -Duser.language=hu -Duser.variant -javaagent:C:\Users\keirahela\.gradle\wrapper\dists\gradle-8.9-bin\90cnw93cvbtalezasaz0blq0a\gradle-8.9\lib\agents\gradle-instrumentation-agent-8.9.jar org.gradle.launcher.daemon.bootstrap.GradleDaemon 8.9

Host: Intel(R) Core(TM) i5-10400F CPU @ 2.90GHz, 12 cores, 15G,  Windows 10 , 64 bit Build 19041 (10.0.19041.5198)
Time: Sat Nov 30 20:05:39 2024 Közép-európai téli idBuild 19041 (10.0.19041.5198) elapsed time: 4.343300 seconds (0d 0h 0m 4s)

---------------  T H R E A D  ---------------

Current thread (0x0000015800173cc0):  WorkerThread "GC Thread#7"    [id=28460, stack(0x000000089e800000,0x000000089e900000) (1024K)]

Stack: [0x000000089e800000,0x000000089e900000],  sp=0x000000089e8ff3f0,  free space=1020k
Native frames: (J=compiled Java code, j=interpreted, Vv=VM code, C=native code)
V  [jvm.dll+0x36d4ed]  (no source info available)
V  [jvm.dll+0x36987e]  (no source info available)
V  [jvm.dll+0x3773dc]  (no source info available)
V  [jvm.dll+0x379159]  (no source info available)
V  [jvm.dll+0x37795a]  (no source info available)
V  [jvm.dll+0x378dd1]  (no source info available)
V  [jvm.dll+0x3836a3]  (no source info available)
V  [jvm.dll+0x38398b]  (no source info available)
V  [jvm.dll+0x90ada4]  (no source info available)
V  [jvm.dll+0x883778]  (no source info available)
V  [jvm.dll+0x6f63c5]  (no source info available)
C  [ucrtbase.dll+0x21bb2]  (no source info available)
C  [KERNEL32.DLL+0x17374]  (no source info available)
C  [ntdll.dll+0x4cc91]  (no source info available)


siginfo: EXCEPTION_ACCESS_VIOLATION (0xc0000005), reading address 0x0000000000080000


Registers:
RAX=0x0000000000000000, RBX=0x000001580104d9b0, RCX=0x0000000000000000, RDX=0x000001581bb6c180
RSP=0x000000089e8ff3f0, RBP=0x000000089e8ff4b9, RSI=0x000001581bb2ef80, RDI=0x0000000081df8138
R8 =0x0000000081df8140, R9 =0x00000000ffd58948, R10=0x0000000000080000, R11=0x000000089e8ff3c0
R12=0x0000000000000000, R13=0x0000015803be0eb0, R14=0x0000000000000416, R15=0x0000000000000040
RIP=0x00007ffb2d03d4ed, EFLAGS=0x0000000000010246


Register to memory mapping:

RAX=0x0 is null
RBX=0x000001580104d9b0 points into unknown readable memory: 0x00007ffb2d72fab8 | b8 fa 72 2d fb 7f 00 00
RCX=0x0 is null
RDX=0x000001581bb6c180 points into unknown readable memory: 0x0000000000000000 | 00 00 00 00 00 00 00 00
RSP=0x000000089e8ff3f0 points into unknown readable memory: 0x0000000081df8134 | 34 81 df 81 00 00 00 00
RBP=0x000000089e8ff4b9 points into unknown readable memory: 07 3c 2d fb 7f 00 00
RSI=0x000001581bb2ef80 points into unknown readable memory: 0x0000000000000000 | 00 00 00 00 00 00 00 00
RDI=0x0000000081df8138 is pointing into object: java.lang.Package 
{0x0000000081df8120} - klass: 'java/lang/Package'
 - ---- fields (total size 4 words):
 - private final 'name' 'Ljava/lang/String;' @12  "org.gradle.language.base.internal.compile"{0x0000000081ad26d0} (0x81ad26d0)
 - private final 'module' 'Ljava/lang/Module;' @16  a 'java/lang/Module'{0x00000000fff03a70} (0xfff03a70)
 - private final 'versionInfo' 'Ljava/lang/Package$VersionInfo;' @20  a 'java/lang/Package$VersionInfo'{0x0000000081df8140} (0x81df8140)
 - private 'packageInfo' 'Ljava/lang/Class;' @24  
[error occurred during error reporting (printing register info), id 0xc0000005, EXCEPTION_ACCESS_VIOLATION (0xc0000005) at pc=0x00007ffb2d3b26bd]
R8 =0x0000000081df8140 is an oop: java.lang.Package$VersionInfo 
{0x0000000081df8140} - klass: 'java/lang/Package$VersionInfo'
 - ---- fields (total size 5 words):
 - private final 'specTitle' 'Ljava/lang/String;' @12  null (0x00000000)
 - private final 'specVersion' 'Ljava/lang/String;' @16  null (0x00000000)
 - private final 'specVendor' 'Ljava/lang/String;' @20  null (0x00000000)
 - private final 'implTitle' 'Ljava/lang/String;' @24  "Gradle"{0x00000000ffd58948} (0xffd58948)
 - private final 'implVersion' 'Ljava/lang/String;' @28  "8.9"{0x00000000ffd588f0} (0xffd588f0)
 - private final 'implVendor' 'Ljava/lang/String;' @32  null (0x00000000)
 - private final 'sealBase' 'Ljava/net/URL;' @36  null (0x00000000)
R9 =0x00000000ffd58948 is an oop: java.lang.String 
{0x00000000ffd58948} - klass: 'java/lang/String'
 - string: "Gradle"
 - ---- fields (total size 3 words):
 - private 'hash' 'I' @12  0 (0x00000000)
 - private final 'coder' 'B' @16  0 (0x00)
 - private 'hashIsZero' 'Z' @17  false (0x00)
 - injected 'flags' 'B' @18  0 (0x00)
 - private final 'value' '[B' @20  [B{0x00000000ffd58960} (0xffd58960)
R10=0x0000000000080000 is an unknown value
R11=0x000000089e8ff3c0 points into unknown readable memory: 0x0000000000000040 | 40 00 00 00 00 00 00 00
R12=0x0 is null
R13=0x0000015803be0eb0 points into unknown readable memory: 0x00000001ffffff02 | 02 ff ff ff 01 00 00 00
R14=0x0000000000000416 is an unknown value
R15=0x0000000000000040 is an unknown value

Top of Stack: (sp=0x000000089e8ff3f0)
0x000000089e8ff3f0:   0000000081df8134 000000089e8ff470
0x000000089e8ff400:   000001580104d9b0 000001581bb2ef80
0x000000089e8ff410:   0000000082d303a4 00007ffb2d03aacf
0x000000089e8ff420:   0000000082d303a4 000000000000ff00
0x000000089e8ff430:   000001581b00ff00 000000089e8ff530
0x000000089e8ff440:   0000015839051a08 0000000082d30398
0x000000089e8ff450:   000001580104d9b0 00007ffb2d03c37b
0x000000089e8ff460:   0000000000000000 0000000000000001
0x000000089e8ff470:   000000089e000001 000000089e8ff490
0x000000089e8ff480:   0000ff000100ff00 0000015804a315a8
0x000000089e8ff490:   0000000080e6ff00 00007ffb2d042dad
0x000000089e8ff4a0:   000000089e8ff5a0 00007ffb2d042d67
0x000000089e8ff4b0:   000000089e8ff6f0 00007ffb2d3c070f
0x000000089e8ff4c0:   000000089e8ff540 00007ffb2d043cc6
0x000000089e8ff4d0:   0000000080e65640 00007ffb2d04ff00
0x000000089e8ff4e0:   0000000080e65200 0000000000000080
0x000000089e8ff4f0:   0000000000000002 000000089e8ff6f0
0x000000089e8ff500:   000000000000000e 000001580104d9b0
0x000000089e8ff510:   0000000080e65648 00007ffb2d03987e
0x000000089e8ff520:   000000089e8ff5a0 0000000080e65600
0x000000089e8ff530:   0000000080000000 0000000000000080
0x000000089e8ff540:   000000000295b8b9 00000002ed8483cd
0x000000089e8ff550:   0000000000000002 000000089e8ff6f0
0x000000089e8ff560:   000001581bbb1630 00007ffb2d0473dc
0x000000089e8ff570:   0000000000000080 000001581bbb1630
0x000000089e8ff580:   000000089e8ff6f0 00007ffb2d3c070f
0x000000089e8ff590:   0000000080e65200 0000000000000080
0x000000089e8ff5a0:   00007ffb2d7310b8 0000000000000000
0x000000089e8ff5b0:   000001581bb252c0 000001580104d9b0
0x000000089e8ff5c0:   000000089e8ff740 00007ffb2d55eab7
0x000000089e8ff5d0:   000000000000000e 00000158003003d0
0x000000089e8ff5e0:   0000015833a07340 00007ffb2d049159 

Instructions: (pc=0x00007ffb2d03d4ed)
0x00007ffb2d03d3ed:   bb b0 01 00 00 48 8b 73 10 44 8b b6 80 00 00 00
0x00007ffb2d03d3fd:   41 8b ce 8b 86 00 01 00 00 2b c8 81 e1 ff ff 01
0x00007ffb2d03d40d:   00 41 3b cf 0f 86 0a 03 00 00 41 ff ce 41 81 e6
0x00007ffb2d03d41d:   ff ff 01 00 44 89 b6 80 00 00 00 e8 13 aa 37 00
0x00007ffb2d03d42d:   90 41 8b d6 48 8b 86 80 01 00 00 41 8b ce 4a 8b
0x00007ffb2d03d43d:   3c f0 8b 86 00 01 00 00 2b c8 81 e1 ff ff 01 00
0x00007ffb2d03d44d:   81 f9 ff ff 01 00 41 0f 44 cc 85 c9 75 3d 90 44
0x00007ffb2d03d45d:   89 75 17 48 8b 86 00 01 00 00 48 8b c8 48 c1 e9
0x00007ffb2d03d46d:   20 ff c1 89 4d 1b 44 3b f0 0f 85 94 02 00 00 48
0x00007ffb2d03d47d:   c1 e1 20 48 0b ca f0 48 0f b1 8e 00 01 00 00 0f
0x00007ffb2d03d48d:   85 7e 02 00 00 8b 86 00 01 00 00 40 f6 c7 01 0f
0x00007ffb2d03d49d:   84 52 01 00 00 8b 0d 68 e0 8e 00 48 ff cf 48 8b
0x00007ffb2d03d4ad:   53 08 44 8b 17 49 d3 e2 8b 8a c8 05 00 00 4c 03
0x00007ffb2d03d4bd:   15 46 e0 8e 00 48 8b 92 b8 05 00 00 49 8b c2 48
0x00007ffb2d03d4cd:   d3 e8 48 8d 0c 40 0f b7 04 0a 66 89 45 77 0f b6
0x00007ffb2d03d4dd:   44 0a 02 88 45 79 44 38 65 78 0f 8c 05 ff ff ff
0x00007ffb2d03d4ed:   4d 8b 02 41 0f b6 c0 24 03 3c 03 75 06 49 83 e0
0x00007ffb2d03d4fd:   fc eb 24 0f b7 45 77 48 8d 55 b7 66 89 45 b7 4d
0x00007ffb2d03d50d:   8b c8 0f b6 45 79 4d 8b c2 48 8b cb 88 45 b9 e8
0x00007ffb2d03d51d:   8f e9 ff ff 4c 8b c0 8b 0d e6 df 8e 00 49 8b d0
0x00007ffb2d03d52d:   48 2b 15 d4 df 8e 00 48 d3 ea 89 17 49 8b d0 8b
0x00007ffb2d03d53d:   0d 0e a8 95 00 48 33 d7 48 d3 ea 48 85 d2 0f 84
0x00007ffb2d03d54d:   a1 fe ff ff 48 8b 43 08 48 8b d7 8b 88 c8 05 00
0x00007ffb2d03d55d:   00 4c 8b 88 b8 05 00 00 48 d3 ea 49 8d 04 51 48
0x00007ffb2d03d56d:   03 d0 0f b7 02 66 89 45 c7 80 7d c8 fe 0f b6 42
0x00007ffb2d03d57d:   02 88 45 c9 0f 84 6b fe ff ff 49 d3 e8 4b 8d 0c
0x00007ffb2d03d58d:   41 42 0f b7 04 01 66 89 45 cb 42 0f b6 44 01 02
0x00007ffb2d03d59d:   88 45 cd 44 38 65 cc 7c 3d 48 8b 43 58 8b 0d 78
0x00007ffb2d03d5ad:   bb 94 00 48 d3 ef 48 03 78 30 48 8b 50 28 48 2b
0x00007ffb2d03d5bd:   fa 48 39 bb b0 01 00 00 0f 84 27 fe ff ff 48 03
0x00007ffb2d03d5cd:   d7 48 8d 4b 18 e8 49 46 00 00 48 ff 83 70 02 00
0x00007ffb2d03d5dd:   00 e9 08 fe ff ff 42 0f b7 04 01 66 89 45 d7 41 


Stack slot to memory mapping:

stack at sp + 0 slots: 0x0000000081df8134 is pointing into object: java.lang.Package 
{0x0000000081df8120} - klass: 'java/lang/Package'
 - ---- fields (total size 4 words):
 - private final 'name' 'Ljava/lang/String;' @12  "org.gradle.language.base.internal.compile"{0x0000000081ad26d0} (0x81ad26d0)
 - private final 'module' 'Ljava/lang/Module;' @16  a 'java/lang/Module'{0x00000000fff03a70} (0xfff03a70)
 - private final 'versionInfo' 'Ljava/lang/Package$VersionInfo;' @20  a 'java/lang/Package$VersionInfo'{0x0000000081df8140} (0x81df8140)
 - private 'packageInfo' 'Ljava/lang/Class;' @24  
[error occurred during error reporting (inspecting top of stack), id 0xc0000005, EXCEPTION_ACCESS_VIOLATION (0xc0000005) at pc=0x00007ffb2d3b26bd]
stack at sp + 1 slots: 0x000000089e8ff470 points into unknown readable memory: 0x000000089e000001 | 01 00 00 9e 08 00 00 00
stack at sp + 2 slots: 0x000001580104d9b0 points into unknown readable memory: 0x00007ffb2d72fab8 | b8 fa 72 2d fb 7f 00 00
stack at sp + 3 slots: 0x000001581bb2ef80 points into unknown readable memory: 0x0000000000000000 | 00 00 00 00 00 00 00 00
stack at sp + 4 slots: 0x0000000082d303a4 is pointing into object: java.lang.invoke.MethodType 
{0x0000000082d30398} - klass: 'java/lang/invoke/MethodType'
 - ---- fields (total size 5 words):
 - private final 'rtype' 'Ljava/lang/Class;' @12  a 'java/lang/Class'{0x0000000080706cc0} = 'java/lang/String' (0x80706cc0)
 - private final 'ptypes' '[Ljava/lang/Class;' @16  a 'java/lang/Class'[1] {0x0000000082a06c68} (0x82a06c68)
 - private 'form' 'Ljava/lang/invoke/MethodTypeForm;' @20  a 'java/lang/invoke/MethodTypeForm'{0x000000008071d5b8} (0x8071d5b8)
 - private 'wrapAlt' 'Ljava/lang/Object;' @24  null (0x00000000)
 - private 'invokers' 'Ljava/lang/invoke/Invokers;' @28  null (0x00000000)
 - private 'methodDescriptor' 'Ljava/lang/String;' @32  null (0x00000000)
 - signature: (Ljava/lang/Boolean;)Ljava/lang/String;
stack at sp + 5 slots: 0x00007ffb2d03aacf jvm.dll
stack at sp + 6 slots: 0x0000000082d303a4 is pointing into object: java.lang.invoke.MethodType 
{0x0000000082d30398} - klass: 'java/lang/invoke/MethodType'
 - ---- fields (total size 5 words):
 - private final 'rtype' 'Ljava/lang/Class;' @12  a 'java/lang/Class'{0x0000000080706cc0} = 'java/lang/String' (0x80706cc0)
 - private final 'ptypes' '[Ljava/lang/Class;' @16  a 'java/lang/Class'[1] {0x0000000082a06c68} (0x82a06c68)
 - private 'form' 'Ljava/lang/invoke/MethodTypeForm;' @20  a 'java/lang/invoke/MethodTypeForm'{0x000000008071d5b8} (0x8071d5b8)
 - private 'wrapAlt' 'Ljava/lang/Object;' @24  null (0x00000000)
 - private 'invokers' 'Ljava/lang/invoke/Invokers;' @28  null (0x00000000)
 - private 'methodDescriptor' 'Ljava/lang/String;' @32  null (0x00000000)
 - signature: (Ljava/lang/Boolean;)Ljava/lang/String;
stack at sp + 7 slots: 0x000000000000ff00 is an unknown value


---------------  P R O C E S S  ---------------

Threads class SMR info:
_java_thread_list=0x000001580509aac0, length=74, elements={
0x00000158197e4b20, 0x0000015838aee060, 0x0000015838aeed80, 0x0000015838af2950,
0x0000015838af33b0, 0x0000015838af45b0, 0x0000015838af7e10, 0x0000015838af9750,
0x0000015838afa9a0, 0x0000015838c00740, 0x0000015838d3f660, 0x0000015838dddb70,
0x000001587e1f6070, 0x000001587f6ae940, 0x000001587f79b7c0, 0x0000015800082a00,
0x0000015800153060, 0x000001580018dcd0, 0x00000158001a18e0, 0x00000158001c1fc0,
0x00000158001c1930, 0x00000158001c2650, 0x00000158001c2ce0, 0x00000158001c0c10,
0x00000158001c0580, 0x00000158001bf860, 0x00000158001c12a0, 0x00000158024bd130,
0x00000158024c05b0, 0x00000158024bd7c0, 0x00000158024c0c40, 0x00000158024c1960,
0x00000158024c12d0, 0x00000158024bff20, 0x00000158024c2d10, 0x00000158024bf890,
0x00000158024bde50, 0x00000158024c2680, 0x00000158024c1ff0, 0x00000158024c40c0,
0x0000015804982420, 0x00000158049858a0, 0x0000015804983140, 0x0000015804987970,
0x00000158049837d0, 0x0000015804986c50, 0x0000015804981d90, 0x0000015804981070,
0x00000158049872e0, 0x0000015804985210, 0x0000015804985f30, 0x0000015804988690,
0x00000158049865c0, 0x0000015804983e60, 0x0000015804988000, 0x0000015804981700,
0x00000158049844f0, 0x00000158047d2400, 0x00000158047cceb0, 0x00000158047d09c0,
0x00000158047ce8f0, 0x00000158047cbb00, 0x00000158047d1050, 0x00000158047cd540,
0x00000158047d16e0, 0x00000158047cdbd0, 0x00000158047cc190, 0x00000158047d0330,
0x00000158047cc820, 0x00000158047d1d70, 0x00000158047ce260, 0x00000158047d2a90,
0x00000158047d3120, 0x00000158047cef80
}

Java Threads: ( => current thread )
  0x00000158197e4b20 JavaThread "main"                              [_thread_blocked, id=27808, stack(0x000000089c000000,0x000000089c100000) (1024K)]
  0x0000015838aee060 JavaThread "Reference Handler"          daemon [_thread_blocked, id=6272, stack(0x000000089c800000,0x000000089c900000) (1024K)]
  0x0000015838aeed80 JavaThread "Finalizer"                  daemon [_thread_blocked, id=2192, stack(0x000000089c900000,0x000000089ca00000) (1024K)]
  0x0000015838af2950 JavaThread "Signal Dispatcher"          daemon [_thread_blocked, id=14760, stack(0x000000089ca00000,0x000000089cb00000) (1024K)]
  0x0000015838af33b0 JavaThread "Attach Listener"            daemon [_thread_blocked, id=25296, stack(0x000000089cb00000,0x000000089cc00000) (1024K)]
  0x0000015838af45b0 JavaThread "Service Thread"             daemon [_thread_blocked, id=20860, stack(0x000000089cc00000,0x000000089cd00000) (1024K)]
  0x0000015838af7e10 JavaThread "Monitor Deflation Thread"   daemon [_thread_blocked, id=23412, stack(0x000000089cd00000,0x000000089ce00000) (1024K)]
  0x0000015838af9750 JavaThread "C2 CompilerThread0"         daemon [_thread_blocked, id=20948, stack(0x000000089ce00000,0x000000089cf00000) (1024K)]
  0x0000015838afa9a0 JavaThread "C1 CompilerThread0"         daemon [_thread_blocked, id=3600, stack(0x000000089cf00000,0x000000089d000000) (1024K)]
  0x0000015838c00740 JavaThread "Common-Cleaner"             daemon [_thread_blocked, id=27528, stack(0x000000089d000000,0x000000089d100000) (1024K)]
  0x0000015838d3f660 JavaThread "Notification Thread"        daemon [_thread_blocked, id=6452, stack(0x000000089d100000,0x000000089d200000) (1024K)]
  0x0000015838dddb70 JavaThread "C2 CompilerThread1"         daemon [_thread_blocked, id=12524, stack(0x000000089d200000,0x000000089d300000) (1024K)]
  0x000001587e1f6070 JavaThread "C2 CompilerThread2"         daemon [_thread_blocked, id=12692, stack(0x000000089d300000,0x000000089d400000) (1024K)]
  0x000001587f6ae940 JavaThread "Daemon health stats"               [_thread_blocked, id=12720, stack(0x000000089d900000,0x000000089da00000) (1024K)]
  0x000001587f79b7c0 JavaThread "Incoming local TCP Connector on port 52274"        [_thread_in_native, id=12008, stack(0x000000089da00000,0x000000089db00000) (1024K)]
  0x0000015800082a00 JavaThread "Daemon periodic checks"            [_thread_blocked, id=25808, stack(0x000000089db00000,0x000000089dc00000) (1024K)]
  0x0000015800153060 JavaThread "Daemon"                            [_thread_blocked, id=21548, stack(0x000000089dc00000,0x000000089dd00000) (1024K)]
  0x000001580018dcd0 JavaThread "Handler for socket connection from /127.0.0.1:52274 to /127.0.0.1:52275"        [_thread_in_native, id=25068, stack(0x000000089dd00000,0x000000089de00000) (1024K)]
  0x00000158001a18e0 JavaThread "Cancel handler"                    [_thread_blocked, id=9964, stack(0x000000089de00000,0x000000089df00000) (1024K)]
  0x00000158001c1fc0 JavaThread "Daemon worker"                     [_thread_blocked, id=27232, stack(0x000000089df00000,0x000000089e000000) (1024K)]
  0x00000158001c1930 JavaThread "Asynchronous log dispatcher for DefaultDaemonConnection: socket connection from /127.0.0.1:52274 to /127.0.0.1:52275"        [_thread_blocked, id=19564, stack(0x000000089e000000,0x000000089e100000) (1024K)]
  0x00000158001c2650 JavaThread "Stdin handler"                     [_thread_blocked, id=22576, stack(0x000000089e100000,0x000000089e200000) (1024K)]
  0x00000158001c2ce0 JavaThread "Daemon client event forwarder"        [_thread_blocked, id=26944, stack(0x000000089e200000,0x000000089e300000) (1024K)]
  0x00000158001c0c10 JavaThread "Cache worker for journal cache (C:\Users\keirahela\.gradle\caches\journal-1)"        [_thread_blocked, id=21100, stack(0x000000089e300000,0x000000089e400000) (1024K)]
  0x00000158001c0580 JavaThread "File lock request listener"        [_thread_in_native, id=28312, stack(0x000000089e400000,0x000000089e500000) (1024K)]
  0x00000158001bf860 JavaThread "Cache worker for file hash cache (C:\Users\keirahela\.gradle\caches\8.9\fileHashes)"        [_thread_blocked, id=18812, stack(0x000000089e500000,0x000000089e600000) (1024K)]
  0x00000158001c12a0 JavaThread "Cache worker for file hash cache (C:\Users\keirahela\Desktop\SkyHanni\.gradle\8.9\fileHashes)"        [_thread_blocked, id=22012, stack(0x000000089e600000,0x000000089e700000) (1024K)]
  0x00000158024bd130 JavaThread "Cache worker for Build Output Cleanup Cache (C:\Users\keirahela\Desktop\SkyHanni\.gradle\buildOutputCleanup)"        [_thread_blocked, id=28272, stack(0x000000089ed00000,0x000000089ee00000) (1024K)]
  0x00000158024c05b0 JavaThread "Cache worker for Build Output Cleanup Cache (C:\Users\keirahela\Desktop\SkyHanni\buildSrc\.gradle\buildOutputCleanup)"        [_thread_blocked, id=17804, stack(0x000000089ee00000,0x000000089ef00000) (1024K)]
  0x00000158024bd7c0 JavaThread "File watcher server"        daemon [_thread_in_native, id=13328, stack(0x000000089ef00000,0x000000089f000000) (1024K)]
  0x00000158024c0c40 JavaThread "File watcher consumer"      daemon [_thread_blocked, id=9900, stack(0x000000089f000000,0x000000089f100000) (1024K)]
  0x00000158024c1960 JavaThread "Cache worker for checksums cache (C:\Users\keirahela\Desktop\SkyHanni\.gradle\8.9\checksums)"        [_thread_blocked, id=6352, stack(0x000000089f100000,0x000000089f200000) (1024K)]
  0x00000158024c12d0 JavaThread "Cache worker for file content cache (C:\Users\keirahela\.gradle\caches\8.9\fileContent)"        [_thread_blocked, id=21520, stack(0x000000089f200000,0x000000089f300000) (1024K)]
  0x00000158024bff20 JavaThread "Cache worker for cache directory md-rule (C:\Users\keirahela\.gradle\caches\8.9\md-rule)"        [_thread_blocked, id=13188, stack(0x000000089f300000,0x000000089f400000) (1024K)]
  0x00000158024c2d10 JavaThread "Cache worker for cache directory md-supplier (C:\Users\keirahela\.gradle\caches\8.9\md-supplier)"        [_thread_blocked, id=24940, stack(0x000000089f400000,0x000000089f500000) (1024K)]
  0x00000158024bf890 JavaThread "jar transforms"                    [_thread_blocked, id=23612, stack(0x000000089f500000,0x000000089f600000) (1024K)]
  0x00000158024bde50 JavaThread "jar transforms Thread 2"           [_thread_blocked, id=10308, stack(0x000000089f600000,0x000000089f700000) (1024K)]
  0x00000158024c2680 JavaThread "jar transforms Thread 3"           [_thread_blocked, id=21596, stack(0x000000089f700000,0x000000089f800000) (1024K)]
  0x00000158024c1ff0 JavaThread "jar transforms Thread 4"           [_thread_blocked, id=17888, stack(0x000000089f800000,0x000000089f900000) (1024K)]
  0x00000158024c40c0 JavaThread "Cache worker for Build Output Cleanup Cache (C:\Users\keirahela\Desktop\SkyHanni\sharedVariables\.gradle\buildOutputCleanup)"        [_thread_blocked, id=23324, stack(0x000000089f900000,0x000000089fa00000) (1024K)]
  0x0000015804982420 JavaThread "Unconstrained build operations"        [_thread_blocked, id=23960, stack(0x000000089fa00000,0x000000089fb00000) (1024K)]
  0x00000158049858a0 JavaThread "Unconstrained build operations Thread 2"        [_thread_blocked, id=28412, stack(0x000000089fb00000,0x000000089fc00000) (1024K)]
  0x0000015804983140 JavaThread "Unconstrained build operations Thread 3"        [_thread_blocked, id=17304, stack(0x000000089fc00000,0x000000089fd00000) (1024K)]
  0x0000015804987970 JavaThread "Unconstrained build operations Thread 4"        [_thread_blocked, id=24376, stack(0x000000089fd00000,0x000000089fe00000) (1024K)]
  0x00000158049837d0 JavaThread "Unconstrained build operations Thread 5"        [_thread_blocked, id=28072, stack(0x000000089fe00000,0x000000089ff00000) (1024K)]
  0x0000015804986c50 JavaThread "Unconstrained build operations Thread 6"        [_thread_blocked, id=12216, stack(0x000000089ff00000,0x00000008a0000000) (1024K)]
  0x0000015804981d90 JavaThread "Unconstrained build operations Thread 7"        [_thread_blocked, id=24784, stack(0x00000008a0000000,0x00000008a0100000) (1024K)]
  0x0000015804981070 JavaThread "Unconstrained build operations Thread 8"        [_thread_blocked, id=22272, stack(0x00000008a0100000,0x00000008a0200000) (1024K)]
  0x00000158049872e0 JavaThread "Unconstrained build operations Thread 9"        [_thread_blocked, id=28192, stack(0x00000008a0200000,0x00000008a0300000) (1024K)]
  0x0000015804985210 JavaThread "Unconstrained build operations Thread 10"        [_thread_blocked, id=17604, stack(0x00000008a0300000,0x00000008a0400000) (1024K)]
  0x0000015804985f30 JavaThread "Unconstrained build operations Thread 11"        [_thread_blocked, id=24316, stack(0x00000008a0400000,0x00000008a0500000) (1024K)]
  0x0000015804988690 JavaThread "Unconstrained build operations Thread 12"        [_thread_blocked, id=10164, stack(0x00000008a0500000,0x00000008a0600000) (1024K)]
  0x00000158049865c0 JavaThread "Unconstrained build operations Thread 13"        [_thread_blocked, id=24504, stack(0x00000008a0600000,0x00000008a0700000) (1024K)]
  0x0000015804983e60 JavaThread "Unconstrained build operations Thread 14"        [_thread_blocked, id=18900, stack(0x00000008a0700000,0x00000008a0800000) (1024K)]
  0x0000015804988000 JavaThread "Unconstrained build operations Thread 15"        [_thread_blocked, id=9664, stack(0x00000008a0800000,0x00000008a0900000) (1024K)]
  0x0000015804981700 JavaThread "Unconstrained build operations Thread 16"        [_thread_blocked, id=7616, stack(0x00000008a0900000,0x00000008a0a00000) (1024K)]
  0x00000158049844f0 JavaThread "Unconstrained build operations Thread 17"        [_thread_blocked, id=22100, stack(0x00000008a0a00000,0x00000008a0b00000) (1024K)]
  0x00000158047d2400 JavaThread "Unconstrained build operations Thread 18"        [_thread_blocked, id=22928, stack(0x00000008a0b00000,0x00000008a0c00000) (1024K)]
  0x00000158047cceb0 JavaThread "Unconstrained build operations Thread 19"        [_thread_blocked, id=13128, stack(0x00000008a0c00000,0x00000008a0d00000) (1024K)]
  0x00000158047d09c0 JavaThread "Unconstrained build operations Thread 20"        [_thread_blocked, id=26304, stack(0x00000008a0d00000,0x00000008a0e00000) (1024K)]
  0x00000158047ce8f0 JavaThread "Unconstrained build operations Thread 21"        [_thread_blocked, id=20764, stack(0x00000008a0e00000,0x00000008a0f00000) (1024K)]
  0x00000158047cbb00 JavaThread "Unconstrained build operations Thread 22"        [_thread_blocked, id=17744, stack(0x00000008a0f00000,0x00000008a1000000) (1024K)]
  0x00000158047d1050 JavaThread "Unconstrained build operations Thread 23"        [_thread_blocked, id=6436, stack(0x00000008a1000000,0x00000008a1100000) (1024K)]
  0x00000158047cd540 JavaThread "Unconstrained build operations Thread 24"        [_thread_blocked, id=23148, stack(0x00000008a1100000,0x00000008a1200000) (1024K)]
  0x00000158047d16e0 JavaThread "Unconstrained build operations Thread 25"        [_thread_blocked, id=2544, stack(0x00000008a1200000,0x00000008a1300000) (1024K)]
  0x00000158047cdbd0 JavaThread "Unconstrained build operations Thread 26"        [_thread_blocked, id=28212, stack(0x00000008a1300000,0x00000008a1400000) (1024K)]
  0x00000158047cc190 JavaThread "Unconstrained build operations Thread 27"        [_thread_blocked, id=1368, stack(0x00000008a1400000,0x00000008a1500000) (1024K)]
  0x00000158047d0330 JavaThread "Unconstrained build operations Thread 28"        [_thread_blocked, id=27504, stack(0x00000008a1500000,0x00000008a1600000) (1024K)]
  0x00000158047cc820 JavaThread "Unconstrained build operations Thread 29"        [_thread_blocked, id=22796, stack(0x00000008a1600000,0x00000008a1700000) (1024K)]
  0x00000158047d1d70 JavaThread "Unconstrained build operations Thread 30"        [_thread_blocked, id=23836, stack(0x00000008a1700000,0x00000008a1800000) (1024K)]
  0x00000158047ce260 JavaThread "Unconstrained build operations Thread 31"        [_thread_blocked, id=12472, stack(0x00000008a1800000,0x00000008a1900000) (1024K)]
  0x00000158047d2a90 JavaThread "Unconstrained build operations Thread 32"        [_thread_blocked, id=25624, stack(0x00000008a1900000,0x00000008a1a00000) (1024K)]
  0x00000158047d3120 JavaThread "Unconstrained build operations Thread 33"        [_thread_blocked, id=25160, stack(0x00000008a1a00000,0x00000008a1b00000) (1024K)]
  0x00000158047cef80 JavaThread "Memory manager"                    [_thread_blocked, id=26728, stack(0x00000008a1b00000,0x00000008a1c00000) (1024K)]
Total: 74

Other Threads:
  0x0000015838acfb60 VMThread "VM Thread"                           [id=22652, stack(0x000000089c700000,0x000000089c800000) (1024K)]
  0x0000015838ab9db0 WatcherThread "VM Periodic Task Thread"        [id=26408, stack(0x000000089c600000,0x000000089c700000) (1024K)]
  0x000001581bb6f1d0 WorkerThread "GC Thread#0"                     [id=7708, stack(0x000000089c100000,0x000000089c200000) (1024K)]
  0x000001587e7f10f0 WorkerThread "GC Thread#1"                     [id=24864, stack(0x000000089d400000,0x000000089d500000) (1024K)]
  0x000001587ea11530 WorkerThread "GC Thread#2"                     [id=27968, stack(0x000000089d500000,0x000000089d600000) (1024K)]
  0x000001587ea11180 WorkerThread "GC Thread#3"                     [id=11800, stack(0x000000089d600000,0x000000089d700000) (1024K)]
  0x000001587ea10670 WorkerThread "GC Thread#4"                     [id=21580, stack(0x000000089d700000,0x000000089d800000) (1024K)]
  0x000001587ea11c90 WorkerThread "GC Thread#5"                     [id=2896, stack(0x000000089d800000,0x000000089d900000) (1024K)]
  0x0000015800173910 WorkerThread "GC Thread#6"                     [id=8852, stack(0x000000089e700000,0x000000089e800000) (1024K)]
=>0x0000015800173cc0 WorkerThread "GC Thread#7"                     [id=28460, stack(0x000000089e800000,0x000000089e900000) (1024K)]
  0x0000015800175df0 WorkerThread "GC Thread#8"                     [id=28636, stack(0x000000089e900000,0x000000089ea00000) (1024K)]
  0x00000158001752e0 WorkerThread "GC Thread#9"                     [id=20888, stack(0x000000089ea00000,0x000000089eb00000) (1024K)]
  0x000001581bb80280 ConcurrentGCThread "G1 Main Marker"            [id=22440, stack(0x000000089c200000,0x000000089c300000) (1024K)]
  0x000001581bb81440 WorkerThread "G1 Conc#0"                       [id=22788, stack(0x000000089c300000,0x000000089c400000) (1024K)]
  0x0000015800174420 WorkerThread "G1 Conc#1"                       [id=17464, stack(0x000000089eb00000,0x000000089ec00000) (1024K)]
  0x00000158001747d0 WorkerThread "G1 Conc#2"                       [id=18840, stack(0x000000089ec00000,0x000000089ed00000) (1024K)]
  0x000001581bbdeaf0 ConcurrentGCThread "G1 Refine#0"               [id=5040, stack(0x000000089c400000,0x000000089c500000) (1024K)]
  0x000001583898b850 ConcurrentGCThread "G1 Service"                [id=21924, stack(0x000000089c500000,0x000000089c600000) (1024K)]
Total: 18

Threads with active compile tasks:
C2 CompilerThread1  4409 6481   !   4       com.google.common.reflect.TypeVisitor::visit (225 bytes)
C2 CompilerThread2  4409 6529       4       java.lang.invoke.LambdaFormBuffer::growNames (281 bytes)
Total: 2

VM state: at safepoint (normal execution)

VM Mutex/Monitor currently owned by a thread:  ([mutex/lock_event])
[0x00007ffb2d9bff10] Threads_lock - owner thread: 0x0000015838acfb60
[0x00007ffb2d9c0010] Heap_lock - owner thread: 0x00000158001c1fc0

Heap address: 0x0000000080000000, size: 2048 MB, Compressed Oops mode: 32-bit

CDS archive(s) mapped at: [0x0000015839000000-0x0000015839c60000-0x0000015839c60000), size 12976128, SharedBaseAddress: 0x0000015839000000, ArchiveRelocationMode: 1.
Compressed class space mapped at: 0x000001583a000000-0x000001587a000000, reserved size: 1073741824
Narrow klass base: 0x0000015839000000, Narrow klass shift: 0, Narrow klass range: 0x41000000

GC Precious Log:
 CardTable entry size: 512
 Card Set container configuration: InlinePtr #cards 5 size 8 Array Of Cards #cards 12 size 40 Howl #buckets 4 coarsen threshold 1843 Howl Bitmap #cards 512 size 80 coarsen threshold 460 Card regions per heap region 1 cards per card region 2048
 CPUs: 12 total, 12 available
 Memory: 16137M
 Large Page Support: Disabled
 NUMA Support: Disabled
 Compressed Oops: Enabled (32-bit)
 Heap Region Size: 1M
 Heap Min Capacity: 8M
 Heap Initial Capacity: 254M
 Heap Max Capacity: 2G
 Pre-touch: Disabled
 Parallel Workers: 10
 Concurrent Workers: 3
 Concurrent Refinement Workers: 10
 Periodic GC: Disabled

Heap:
 garbage-first heap   total reserved 2097152K, committed 103424K, used 89059K [0x0000000080000000, 0x0000000100000000)
  region size 1024K, 47 young (48128K), 4 survivors (4096K)
 Metaspace       used 52839K, committed 54784K, reserved 1114112K
  class space    used 7871K, committed 8832K, reserved 1048576K

Heap Regions: E=young(eden), S=young(survivor), O=old, HS=humongous(starts), HC=humongous(continues), CS=collection set, F=free, TAMS=top-at-mark-start, PB=parsable bottom
|   0|0x0000000080000000, 0x0000000080100000, 0x0000000080100000|100%|HS|  |TAMS 0x0000000080000000| PB 0x0000000080000000| Complete |  0
|   1|0x0000000080100000, 0x0000000080200000, 0x0000000080200000|100%|HC|  |TAMS 0x0000000080100000| PB 0x0000000080100000| Complete |  0
|   2|0x0000000080200000, 0x0000000080300000, 0x0000000080300000|100%|HC|  |TAMS 0x0000000080200000| PB 0x0000000080200000| Complete |  0
|   3|0x0000000080300000, 0x0000000080400000, 0x0000000080400000|100%|HC|  |TAMS 0x0000000080300000| PB 0x0000000080300000| Complete |  0
|   4|0x0000000080400000, 0x0000000080500000, 0x0000000080500000|100%| O|  |TAMS 0x0000000080400000| PB 0x0000000080400000| Untracked |  0
|   5|0x0000000080500000, 0x0000000080600000, 0x0000000080600000|100%| O|  |TAMS 0x0000000080500000| PB 0x0000000080500000| Untracked |  0
|   6|0x0000000080600000, 0x0000000080700000, 0x0000000080700000|100%| O|  |TAMS 0x0000000080600000| PB 0x0000000080600000| Untracked |  0
|   7|0x0000000080700000, 0x0000000080800000, 0x0000000080800000|100%| O|  |TAMS 0x0000000080700000| PB 0x0000000080700000| Untracked |  0
|   8|0x0000000080800000, 0x0000000080900000, 0x0000000080900000|100%| O|  |TAMS 0x0000000080800000| PB 0x0000000080800000| Untracked |  0
|   9|0x0000000080900000, 0x0000000080a00000, 0x0000000080a00000|100%| O|  |TAMS 0x0000000080900000| PB 0x0000000080900000| Untracked |  0
|  10|0x0000000080a00000, 0x0000000080b00000, 0x0000000080b00000|100%| O|  |TAMS 0x0000000080a00000| PB 0x0000000080a00000| Untracked |  0
|  11|0x0000000080b00000, 0x0000000080c00000, 0x0000000080c00000|100%|HS|  |TAMS 0x0000000080b00000| PB 0x0000000080b00000| Complete |  0
|  12|0x0000000080c00000, 0x0000000080d00000, 0x0000000080d00000|100%| O|  |TAMS 0x0000000080c00000| PB 0x0000000080c00000| Untracked |  0
|  13|0x0000000080d00000, 0x0000000080e00000, 0x0000000080e00000|100%| O|  |TAMS 0x0000000080d00000| PB 0x0000000080d00000| Untracked |  0
|  14|0x0000000080e00000, 0x0000000080f00000, 0x0000000080f00000|100%| O|  |TAMS 0x0000000080e00000| PB 0x0000000080e00000| Untracked |  0
|  15|0x0000000080f00000, 0x0000000081000000, 0x0000000081000000|100%| O|  |TAMS 0x0000000080f00000| PB 0x0000000080f00000| Untracked |  0
|  16|0x0000000081000000, 0x0000000081100000, 0x0000000081100000|100%| O|  |TAMS 0x0000000081000000| PB 0x0000000081000000| Untracked |  0
|  17|0x0000000081100000, 0x0000000081200000, 0x0000000081200000|100%| O|  |TAMS 0x0000000081100000| PB 0x0000000081100000| Untracked |  0
|  18|0x0000000081200000, 0x0000000081300000, 0x0000000081300000|100%| O|  |TAMS 0x0000000081200000| PB 0x0000000081200000| Untracked |  0
|  19|0x0000000081300000, 0x0000000081400000, 0x0000000081400000|100%| O|  |TAMS 0x0000000081300000| PB 0x0000000081300000| Untracked |  0
|  20|0x0000000081400000, 0x0000000081500000, 0x0000000081500000|100%| O|  |TAMS 0x0000000081400000| PB 0x0000000081400000| Untracked |  0
|  21|0x0000000081500000, 0x0000000081600000, 0x0000000081600000|100%| O|  |TAMS 0x0000000081500000| PB 0x0000000081500000| Untracked |  0
|  22|0x0000000081600000, 0x0000000081700000, 0x0000000081700000|100%| O|  |TAMS 0x0000000081600000| PB 0x0000000081600000| Untracked |  0
|  23|0x0000000081700000, 0x0000000081800000, 0x0000000081800000|100%| O|  |TAMS 0x0000000081700000| PB 0x0000000081700000| Untracked |  0
|  24|0x0000000081800000, 0x0000000081900000, 0x0000000081900000|100%| O|  |TAMS 0x0000000081800000| PB 0x0000000081800000| Untracked |  0
|  25|0x0000000081900000, 0x0000000081a00000, 0x0000000081a00000|100%| O|  |TAMS 0x0000000081900000| PB 0x0000000081900000| Untracked |  0
|  26|0x0000000081a00000, 0x0000000081b00000, 0x0000000081b00000|100%| O|  |TAMS 0x0000000081a00000| PB 0x0000000081a00000| Untracked |  0
|  27|0x0000000081b00000, 0x0000000081c00000, 0x0000000081c00000|100%| O|  |TAMS 0x0000000081b00000| PB 0x0000000081b00000| Untracked |  0
|  28|0x0000000081c00000, 0x0000000081d00000, 0x0000000081d00000|100%| O|  |TAMS 0x0000000081c00000| PB 0x0000000081c00000| Untracked |  0
|  29|0x0000000081d00000, 0x0000000081e00000, 0x0000000081e00000|100%| O|  |TAMS 0x0000000081d00000| PB 0x0000000081d00000| Untracked |  0
|  30|0x0000000081e00000, 0x0000000081f00000, 0x0000000081f00000|100%| O|  |TAMS 0x0000000081e00000| PB 0x0000000081e00000| Untracked |  0
|  31|0x0000000081f00000, 0x0000000081f74980, 0x0000000082000000| 45%| O|  |TAMS 0x0000000081f00000| PB 0x0000000081f00000| Untracked |  0
|  32|0x0000000082000000, 0x0000000082000000, 0x0000000082100000|  0%| F|  |TAMS 0x0000000082000000| PB 0x0000000082000000| Untracked |  0
|  33|0x0000000082100000, 0x0000000082169ae0, 0x0000000082200000| 41%| E|CS|TAMS 0x0000000082100000| PB 0x0000000082100000| Complete |  0
|  34|0x0000000082200000, 0x0000000082300000, 0x0000000082300000|100%| E|CS|TAMS 0x0000000082200000| PB 0x0000000082200000| Complete |  0
|  35|0x0000000082300000, 0x0000000082400000, 0x0000000082400000|100%| E|CS|TAMS 0x0000000082300000| PB 0x0000000082300000| Complete |  0
|  36|0x0000000082400000, 0x0000000082500000, 0x0000000082500000|100%| E|CS|TAMS 0x0000000082400000| PB 0x0000000082400000| Complete |  0
|  37|0x0000000082500000, 0x0000000082600000, 0x0000000082600000|100%| E|CS|TAMS 0x0000000082500000| PB 0x0000000082500000| Complete |  0
|  38|0x0000000082600000, 0x0000000082600000, 0x0000000082700000|  0%| F|  |TAMS 0x0000000082600000| PB 0x0000000082600000| Untracked |  0
|  39|0x0000000082700000, 0x0000000082700000, 0x0000000082800000|  0%| F|  |TAMS 0x0000000082700000| PB 0x0000000082700000| Untracked |  0
|  40|0x0000000082800000, 0x0000000082800000, 0x0000000082900000|  0%| F|  |TAMS 0x0000000082800000| PB 0x0000000082800000| Untracked |  0
|  41|0x0000000082900000, 0x0000000082a00000, 0x0000000082a00000|100%| E|CS|TAMS 0x0000000082900000| PB 0x0000000082900000| Complete |  0
|  42|0x0000000082a00000, 0x0000000082a18198, 0x0000000082b00000|  9%| S|  |TAMS 0x0000000082a00000| PB 0x0000000082a00000| Complete |  0
|  43|0x0000000082b00000, 0x0000000082c00000, 0x0000000082c00000|100%| S|  |TAMS 0x0000000082b00000| PB 0x0000000082b00000| Complete |  0
|  44|0x0000000082c00000, 0x0000000082d00000, 0x0000000082d00000|100%| S|  |TAMS 0x0000000082c00000| PB 0x0000000082c00000| Complete |  0
|  45|0x0000000082d00000, 0x0000000082e00000, 0x0000000082e00000|100%| S|  |TAMS 0x0000000082d00000| PB 0x0000000082d00000| Complete |  0
|  46|0x0000000082e00000, 0x0000000082f00000, 0x0000000082f00000|100%| E|CS|TAMS 0x0000000082e00000| PB 0x0000000082e00000| Complete |  0
|  47|0x0000000082f00000, 0x0000000083000000, 0x0000000083000000|100%| E|CS|TAMS 0x0000000082f00000| PB 0x0000000082f00000| Complete |  0
|  48|0x0000000083000000, 0x0000000083100000, 0x0000000083100000|100%| E|CS|TAMS 0x0000000083000000| PB 0x0000000083000000| Complete |  0
|  49|0x0000000083100000, 0x0000000083200000, 0x0000000083200000|100%| E|CS|TAMS 0x0000000083100000| PB 0x0000000083100000| Complete |  0
|  50|0x0000000083200000, 0x0000000083300000, 0x0000000083300000|100%| E|CS|TAMS 0x0000000083200000| PB 0x0000000083200000| Complete |  0
|  51|0x0000000083300000, 0x0000000083400000, 0x0000000083400000|100%| E|CS|TAMS 0x0000000083300000| PB 0x0000000083300000| Complete |  0
|  52|0x0000000083400000, 0x0000000083500000, 0x0000000083500000|100%| E|CS|TAMS 0x0000000083400000| PB 0x0000000083400000| Complete |  0
|  53|0x0000000083500000, 0x0000000083600000, 0x0000000083600000|100%| E|CS|TAMS 0x0000000083500000| PB 0x0000000083500000| Complete |  0
|  54|0x0000000083600000, 0x0000000083700000, 0x0000000083700000|100%| E|CS|TAMS 0x0000000083600000| PB 0x0000000083600000| Complete |  0
|  55|0x0000000083700000, 0x0000000083800000, 0x0000000083800000|100%| E|CS|TAMS 0x0000000083700000| PB 0x0000000083700000| Complete |  0
|  56|0x0000000083800000, 0x0000000083900000, 0x0000000083900000|100%| E|CS|TAMS 0x0000000083800000| PB 0x0000000083800000| Complete |  0
|  57|0x0000000083900000, 0x0000000083a00000, 0x0000000083a00000|100%| E|CS|TAMS 0x0000000083900000| PB 0x0000000083900000| Complete |  0
|  58|0x0000000083a00000, 0x0000000083b00000, 0x0000000083b00000|100%| E|CS|TAMS 0x0000000083a00000| PB 0x0000000083a00000| Complete |  0
|  59|0x0000000083b00000, 0x0000000083c00000, 0x0000000083c00000|100%| E|CS|TAMS 0x0000000083b00000| PB 0x0000000083b00000| Complete |  0
|  60|0x0000000083c00000, 0x0000000083d00000, 0x0000000083d00000|100%| E|CS|TAMS 0x0000000083c00000| PB 0x0000000083c00000| Complete |  0
|  61|0x0000000083d00000, 0x0000000083e00000, 0x0000000083e00000|100%| E|CS|TAMS 0x0000000083d00000| PB 0x0000000083d00000| Complete |  0
|  62|0x0000000083e00000, 0x0000000083f00000, 0x0000000083f00000|100%| E|CS|TAMS 0x0000000083e00000| PB 0x0000000083e00000| Complete |  0
|  63|0x0000000083f00000, 0x0000000084000000, 0x0000000084000000|100%| E|CS|TAMS 0x0000000083f00000| PB 0x0000000083f00000| Complete |  0
|  64|0x0000000084000000, 0x0000000084100000, 0x0000000084100000|100%| E|CS|TAMS 0x0000000084000000| PB 0x0000000084000000| Complete |  0
|  65|0x0000000084100000, 0x0000000084200000, 0x0000000084200000|100%| E|CS|TAMS 0x0000000084100000| PB 0x0000000084100000| Complete |  0
|  66|0x0000000084200000, 0x0000000084300000, 0x0000000084300000|100%| E|CS|TAMS 0x0000000084200000| PB 0x0000000084200000| Complete |  0
|  67|0x0000000084300000, 0x0000000084400000, 0x0000000084400000|100%| E|CS|TAMS 0x0000000084300000| PB 0x0000000084300000| Complete |  0
|  68|0x0000000084400000, 0x0000000084500000, 0x0000000084500000|100%| E|CS|TAMS 0x0000000084400000| PB 0x0000000084400000| Complete |  0
|  69|0x0000000084500000, 0x0000000084600000, 0x0000000084600000|100%| E|CS|TAMS 0x0000000084500000| PB 0x0000000084500000| Complete |  0
|  70|0x0000000084600000, 0x0000000084700000, 0x0000000084700000|100%| E|CS|TAMS 0x0000000084600000| PB 0x0000000084600000| Complete |  0
|  71|0x0000000084700000, 0x0000000084800000, 0x0000000084800000|100%| E|CS|TAMS 0x0000000084700000| PB 0x0000000084700000| Complete |  0
|  72|0x0000000084800000, 0x0000000084900000, 0x0000000084900000|100%| E|CS|TAMS 0x0000000084800000| PB 0x0000000084800000| Complete |  0
| 112|0x0000000087000000, 0x0000000087100000, 0x0000000087100000|100%| E|CS|TAMS 0x0000000087000000| PB 0x0000000087000000| Complete |  0
| 113|0x0000000087100000, 0x0000000087200000, 0x0000000087200000|100%| E|CS|TAMS 0x0000000087100000| PB 0x0000000087100000| Complete |  0
| 114|0x0000000087200000, 0x0000000087300000, 0x0000000087300000|100%| E|CS|TAMS 0x0000000087200000| PB 0x0000000087200000| Complete |  0
| 115|0x0000000087300000, 0x0000000087400000, 0x0000000087400000|100%| E|CS|TAMS 0x0000000087300000| PB 0x0000000087300000| Complete |  0
| 116|0x0000000087400000, 0x0000000087500000, 0x0000000087500000|100%| E|CS|TAMS 0x0000000087400000| PB 0x0000000087400000| Complete |  0
| 117|0x0000000087500000, 0x0000000087600000, 0x0000000087600000|100%| E|CS|TAMS 0x0000000087500000| PB 0x0000000087500000| Complete |  0
| 118|0x0000000087600000, 0x0000000087700000, 0x0000000087700000|100%| E|CS|TAMS 0x0000000087600000| PB 0x0000000087600000| Complete |  0
| 119|0x0000000087700000, 0x0000000087800000, 0x0000000087800000|100%| E|CS|TAMS 0x0000000087700000| PB 0x0000000087700000| Complete |  0
| 120|0x0000000087800000, 0x0000000087900000, 0x0000000087900000|100%| E|CS|TAMS 0x0000000087800000| PB 0x0000000087800000| Complete |  0
| 121|0x0000000087900000, 0x0000000087a00000, 0x0000000087a00000|100%| E|CS|TAMS 0x0000000087900000| PB 0x0000000087900000| Complete |  0
| 122|0x0000000087a00000, 0x0000000087b00000, 0x0000000087b00000|100%| E|CS|TAMS 0x0000000087a00000| PB 0x0000000087a00000| Complete |  0
| 123|0x0000000087b00000, 0x0000000087c00000, 0x0000000087c00000|100%| E|CS|TAMS 0x0000000087b00000| PB 0x0000000087b00000| Complete |  0
| 124|0x0000000087c00000, 0x0000000087d00000, 0x0000000087d00000|100%| E|CS|TAMS 0x0000000087c00000| PB 0x0000000087c00000| Complete |  0
| 252|0x000000008fc00000, 0x000000008fd00000, 0x000000008fd00000|100%| E|CS|TAMS 0x000000008fc00000| PB 0x000000008fc00000| Complete |  0
| 253|0x000000008fd00000, 0x000000008fe00000, 0x000000008fe00000|100%| E|CS|TAMS 0x000000008fd00000| PB 0x000000008fd00000| Complete |  0
|2035|0x00000000ff300000, 0x00000000ff400000, 0x00000000ff400000|100%| E|CS|TAMS 0x00000000ff300000| PB 0x00000000ff300000| Complete |  0
|2036|0x00000000ff400000, 0x00000000ff500000, 0x00000000ff500000|100%| O|  |TAMS 0x00000000ff400000| PB 0x00000000ff400000| Untracked |  0
|2037|0x00000000ff500000, 0x00000000ff600000, 0x00000000ff600000|100%| O|  |TAMS 0x00000000ff500000| PB 0x00000000ff500000| Untracked |  0
|2038|0x00000000ff600000, 0x00000000ff700000, 0x00000000ff700000|100%| O|  |TAMS 0x00000000ff600000| PB 0x00000000ff600000| Untracked |  0
|2039|0x00000000ff700000, 0x00000000ff800000, 0x00000000ff800000|100%| O|  |TAMS 0x00000000ff700000| PB 0x00000000ff700000| Untracked |  0
|2040|0x00000000ff800000, 0x00000000ff900000, 0x00000000ff900000|100%| O|  |TAMS 0x00000000ff800000| PB 0x00000000ff800000| Untracked |  0
|2041|0x00000000ff900000, 0x00000000ffa00000, 0x00000000ffa00000|100%| O|  |TAMS 0x00000000ff900000| PB 0x00000000ff900000| Untracked |  0
|2042|0x00000000ffa00000, 0x00000000ffb00000, 0x00000000ffb00000|100%| O|  |TAMS 0x00000000ffa00000| PB 0x00000000ffa00000| Untracked |  0
|2043|0x00000000ffb00000, 0x00000000ffc00000, 0x00000000ffc00000|100%| O|  |TAMS 0x00000000ffb00000| PB 0x00000000ffb00000| Untracked |  0
|2044|0x00000000ffc00000, 0x00000000ffd00000, 0x00000000ffd00000|100%| O|  |TAMS 0x00000000ffc00000| PB 0x00000000ffc00000| Untracked |  0
|2045|0x00000000ffd00000, 0x00000000ffe00000, 0x00000000ffe00000|100%| O|  |TAMS 0x00000000ffd00000| PB 0x00000000ffd00000| Untracked |  0
|2046|0x00000000ffe00000, 0x00000000fff00000, 0x00000000fff00000|100%| O|  |TAMS 0x00000000ffe00000| PB 0x00000000ffe00000| Untracked |  0
|2047|0x00000000fff00000, 0x0000000100000000, 0x0000000100000000|100%| O|  |TAMS 0x00000000fff00000| PB 0x00000000fff00000| Untracked |  0

Card table byte_map: [0x0000015833a00000,0x0000015833e00000] _byte_map_base: 0x0000015833600000

Marking Bits: (CMBitMap*) 0x000001581bb6f7f0
 Bits: [0x0000015833e00000, 0x0000015835e00000)

Polling page: 0x0000015819a70000

Metaspace:

Usage:
  Non-class:     43.91 MB used.
      Class:      7.69 MB used.
       Both:     51.60 MB used.

Virtual space:
  Non-class space:       64.00 MB reserved,      44.88 MB ( 70%) committed,  1 nodes.
      Class space:        1.00 GB reserved,       8.62 MB ( <1%) committed,  1 nodes.
             Both:        1.06 GB reserved,      53.50 MB (  5%) committed. 

Chunk freelists:
   Non-Class:  2.88 MB
       Class:  7.43 MB
        Both:  10.30 MB

MaxMetaspaceSize: unlimited
CompressedClassSpaceSize: 1.00 GB
Initial GC threshold: 21.00 MB
Current GC threshold: 59.62 MB
CDS: on
 - commit_granule_bytes: 65536.
 - commit_granule_words: 8192.
 - virtual_space_node_default_size: 8388608.
 - enlarge_chunks_in_place: 1.
 - use_allocation_guard: 0.


Internal statistics:

num_allocs_failed_limit: 9.
num_arena_births: 3344.
num_arena_deaths: 0.
num_vsnodes_births: 2.
num_vsnodes_deaths: 0.
num_space_committed: 856.
num_space_uncommitted: 0.
num_chunks_returned_to_freelist: 9.
num_chunks_taken_from_freelist: 5737.
num_chunk_merges: 9.
num_chunk_splits: 3762.
num_chunks_enlarged: 2347.
num_inconsistent_stats: 0.

CodeHeap 'non-profiled nmethods': size=120000Kb used=3757Kb max_used=3757Kb free=116242Kb
 bounds [0x000001582bb80000, 0x000001582bf30000, 0x00000158330b0000]
CodeHeap 'profiled nmethods': size=120000Kb used=11121Kb max_used=11121Kb free=108878Kb
 bounds [0x00000158240b0000, 0x0000015824b90000, 0x000001582b5e0000]
CodeHeap 'non-nmethods': size=5760Kb used=2769Kb max_used=2846Kb free=2991Kb
 bounds [0x000001582b5e0000, 0x000001582b8c0000, 0x000001582bb80000]
 total_blobs=6905 nmethods=6015 adapters=793
 compilation: enabled
              stopped_count=0, restarted_count=0
 full_count=0

Compilation events (20 events):
Event: 4.317 Thread 0x0000015838afa9a0 6518       3       sun.reflect.generics.repository.ConstructorRepository::<init> (7 bytes)
Event: 4.317 Thread 0x0000015838afa9a0 nmethod 6518 0x0000015824b87d10 code [0x0000015824b87f20, 0x0000015824b88690]
Event: 4.319 Thread 0x0000015838af9750 6519       4       org.objectweb.asm.Frame::merge (395 bytes)
Event: 4.323 Thread 0x0000015838afa9a0 6521       3       org.gradle.internal.instantiation.generator.AsmBackedClassGenerator$ClassBuilderImpl::access$7500 (4 bytes)
Event: 4.323 Thread 0x0000015838afa9a0 nmethod 6521 0x0000015824b88910 code [0x0000015824b88aa0, 0x0000015824b88b98]
Event: 4.326 Thread 0x000001587e1f6070 nmethod 6507 0x000001582bf26b10 code [0x000001582bf26d20, 0x000001582bf27ae8]
Event: 4.326 Thread 0x000001587e1f6070 6520       4       java.lang.ThreadLocal$ThreadLocalMap::set (133 bytes)
Event: 4.326 Thread 0x0000015838afa9a0 6523       3       sun.reflect.generics.reflectiveObjects.LazyReflectiveObjectGenerator::reifyBounds (51 bytes)
Event: 4.326 Thread 0x0000015838afa9a0 nmethod 6523 0x0000015824b88c10 code [0x0000015824b88e00, 0x0000015824b89630]
Event: 4.326 Thread 0x0000015838afa9a0 6524       3       java.lang.invoke.MethodHandle::asSpreader (68 bytes)
Event: 4.327 Thread 0x0000015838afa9a0 nmethod 6524 0x0000015824b89910 code [0x0000015824b89b80, 0x0000015824b8a710]
Event: 4.328 Thread 0x0000015838afa9a0 6525       3       org.gradle.internal.instantiation.generator.AbstractClassGenerator$PropertyMetadata$$Lambda/0x000001583a1c6a80::test (12 bytes)
Event: 4.329 Thread 0x0000015838afa9a0 nmethod 6525 0x0000015824b8ab90 code [0x0000015824b8ad80, 0x0000015824b8b398]
Event: 4.329 Thread 0x0000015838afa9a0 6526       3       org.gradle.internal.instantiation.generator.AbstractClassGenerator$PropertyMetadata::lambda$isReadableWithoutSetterOfPropertyType$0 (14 bytes)
Event: 4.329 Thread 0x0000015838afa9a0 nmethod 6526 0x0000015824b8b610 code [0x0000015824b8b840, 0x0000015824b8c1c0]
Event: 4.331 Thread 0x000001587e1f6070 nmethod 6520 0x000001582bf27e10 code [0x000001582bf27fe0, 0x000001582bf28728]
Event: 4.331 Thread 0x000001587e1f6070 6522       4       java.lang.ThreadLocal$ThreadLocalMap::nextIndex (15 bytes)
Event: 4.331 Thread 0x0000015838af9750 nmethod 6519 0x000001582bf28c90 code [0x000001582bf28f20, 0x000001582bf2a2d0]
Event: 4.332 Thread 0x000001587e1f6070 nmethod 6522 0x000001582bf2af10 code [0x000001582bf2b080, 0x000001582bf2b0f8]
Event: 4.334 Thread 0x000001587e1f6070 6529       4       java.lang.invoke.LambdaFormBuffer::growNames (281 bytes)

GC Heap History (20 events):
Event: 0.274 GC heap after
{Heap after GC invocations=1 (full 0):
 garbage-first heap   total reserved 2097152K, committed 260096K, used 10266K [0x0000000080000000, 0x0000000100000000)
  region size 1024K, 3 young (3072K), 3 survivors (3072K)
 Metaspace       used 1624K, committed 1792K, reserved 1114112K
  class space    used 152K, committed 256K, reserved 1048576K
}
Event: 0.573 GC heap before
{Heap before GC invocations=1 (full 0):
 garbage-first heap   total reserved 2097152K, committed 260096K, used 42010K [0x0000000080000000, 0x0000000100000000)
  region size 1024K, 34 young (34816K), 3 survivors (3072K)
 Metaspace       used 4208K, committed 4416K, reserved 1114112K
  class space    used 534K, committed 640K, reserved 1048576K
}
Event: 0.575 GC heap after
{Heap after GC invocations=2 (full 0):
 garbage-first heap   total reserved 2097152K, committed 260096K, used 12071K [0x0000000080000000, 0x0000000100000000)
  region size 1024K, 2 young (2048K), 2 survivors (2048K)
 Metaspace       used 4208K, committed 4416K, reserved 1114112K
  class space    used 534K, committed 640K, reserved 1048576K
}
Event: 1.849 GC heap before
{Heap before GC invocations=2 (full 0):
 garbage-first heap   total reserved 2097152K, committed 260096K, used 143143K [0x0000000080000000, 0x0000000100000000)
  region size 1024K, 129 young (132096K), 2 survivors (2048K)
 Metaspace       used 20806K, committed 21504K, reserved 1114112K
  class space    used 3099K, committed 3456K, reserved 1048576K
}
Event: 1.855 GC heap after
{Heap after GC invocations=3 (full 0):
 garbage-first heap   total reserved 2097152K, committed 260096K, used 24830K [0x0000000080000000, 0x0000000100000000)
  region size 1024K, 13 young (13312K), 13 survivors (13312K)
 Metaspace       used 20806K, committed 21504K, reserved 1114112K
  class space    used 3099K, committed 3456K, reserved 1048576K
}
Event: 2.364 GC heap before
{Heap before GC invocations=4 (full 0):
 garbage-first heap   total reserved 2097152K, committed 86016K, used 85246K [0x0000000080000000, 0x0000000100000000)
  region size 1024K, 72 young (73728K), 13 survivors (13312K)
 Metaspace       used 27800K, committed 28992K, reserved 1114112K
  class space    used 4303K, committed 4864K, reserved 1048576K
}
Event: 2.371 GC heap after
{Heap after GC invocations=5 (full 0):
 garbage-first heap   total reserved 2097152K, committed 103424K, used 27865K [0x0000000080000000, 0x0000000100000000)
  region size 1024K, 4 young (4096K), 4 survivors (4096K)
 Metaspace       used 27800K, committed 28992K, reserved 1114112K
  class space    used 4303K, committed 4864K, reserved 1048576K
}
Event: 2.752 GC heap before
{Heap before GC invocations=5 (full 0):
 garbage-first heap   total reserved 2097152K, committed 103424K, used 62681K [0x0000000080000000, 0x0000000100000000)
  region size 1024K, 40 young (40960K), 4 survivors (4096K)
 Metaspace       used 34884K, committed 36096K, reserved 1114112K
  class space    used 5184K, committed 5760K, reserved 1048576K
}
Event: 2.757 GC heap after
{Heap after GC invocations=6 (full 0):
 garbage-first heap   total reserved 2097152K, committed 103424K, used 33653K [0x0000000080000000, 0x0000000100000000)
  region size 1024K, 8 young (8192K), 8 survivors (8192K)
 Metaspace       used 34884K, committed 36096K, reserved 1114112K
  class space    used 5184K, committed 5760K, reserved 1048576K
}
Event: 2.789 GC heap before
{Heap before GC invocations=6 (full 0):
 garbage-first heap   total reserved 2097152K, committed 103424K, used 35701K [0x0000000080000000, 0x0000000100000000)
  region size 1024K, 11 young (11264K), 8 survivors (8192K)
 Metaspace       used 35082K, committed 36416K, reserved 1114112K
  class space    used 5212K, committed 5888K, reserved 1048576K
}
Event: 2.794 GC heap after
{Heap after GC invocations=7 (full 0):
 garbage-first heap   total reserved 2097152K, committed 103424K, used 34431K [0x0000000080000000, 0x0000000100000000)
  region size 1024K, 2 young (2048K), 2 survivors (2048K)
 Metaspace       used 35082K, committed 36416K, reserved 1114112K
  class space    used 5212K, committed 5888K, reserved 1048576K
}
Event: 3.098 GC heap before
{Heap before GC invocations=8 (full 0):
 garbage-first heap   total reserved 2097152K, committed 103424K, used 84607K [0x0000000080000000, 0x0000000100000000)
  region size 1024K, 47 young (48128K), 2 survivors (2048K)
 Metaspace       used 38058K, committed 39488K, reserved 1114112K
  class space    used 5548K, committed 6208K, reserved 1048576K
}
Event: 3.100 GC heap after
{Heap after GC invocations=9 (full 0):
 garbage-first heap   total reserved 2097152K, committed 103424K, used 38020K [0x0000000080000000, 0x0000000100000000)
  region size 1024K, 5 young (5120K), 5 survivors (5120K)
 Metaspace       used 38058K, committed 39488K, reserved 1114112K
  class space    used 5548K, committed 6208K, reserved 1048576K
}
Event: 3.381 GC heap before
{Heap before GC invocations=9 (full 0):
 garbage-first heap   total reserved 2097152K, committed 103424K, used 84100K [0x0000000080000000, 0x0000000100000000)
  region size 1024K, 50 young (51200K), 5 survivors (5120K)
 Metaspace       used 41286K, committed 42944K, reserved 1114112K
  class space    used 6082K, committed 6848K, reserved 1048576K
}
Event: 3.384 GC heap after
{Heap after GC invocations=10 (full 0):
 garbage-first heap   total reserved 2097152K, committed 103424K, used 39744K [0x0000000080000000, 0x0000000100000000)
  region size 1024K, 3 young (3072K), 3 survivors (3072K)
 Metaspace       used 41286K, committed 42944K, reserved 1114112K
  class space    used 6082K, committed 6848K, reserved 1048576K
}
Event: 3.675 GC heap before
{Heap before GC invocations=10 (full 0):
 garbage-first heap   total reserved 2097152K, committed 103424K, used 86848K [0x0000000080000000, 0x0000000100000000)
  region size 1024K, 48 young (49152K), 3 survivors (3072K)
 Metaspace       used 45198K, committed 46976K, reserved 1114112K
  class space    used 6666K, committed 7488K, reserved 1048576K
}
Event: 3.678 GC heap after
{Heap after GC invocations=11 (full 0):
 garbage-first heap   total reserved 2097152K, committed 103424K, used 41276K [0x0000000080000000, 0x0000000100000000)
  region size 1024K, 4 young (4096K), 4 survivors (4096K)
 Metaspace       used 45198K, committed 46976K, reserved 1114112K
  class space    used 6666K, committed 7488K, reserved 1048576K
}
Event: 4.036 GC heap before
{Heap before GC invocations=11 (full 0):
 garbage-first heap   total reserved 2097152K, committed 103424K, used 88380K [0x0000000080000000, 0x0000000100000000)
  region size 1024K, 50 young (51200K), 4 survivors (4096K)
 Metaspace       used 48804K, committed 50560K, reserved 1114112K
  class space    used 7259K, committed 8128K, reserved 1048576K
}
Event: 4.041 GC heap after
{Heap after GC invocations=12 (full 0):
 garbage-first heap   total reserved 2097152K, committed 103424K, used 45027K [0x0000000080000000, 0x0000000100000000)
  region size 1024K, 6 young (6144K), 6 survivors (6144K)
 Metaspace       used 48804K, committed 50560K, reserved 1114112K
  class space    used 7259K, committed 8128K, reserved 1048576K
}
Event: 4.334 GC heap before
{Heap before GC invocations=12 (full 0):
 garbage-first heap   total reserved 2097152K, committed 103424K, used 88035K [0x0000000080000000, 0x0000000100000000)
  region size 1024K, 49 young (50176K), 6 survivors (6144K)
 Metaspace       used 52839K, committed 54784K, reserved 1114112K
  class space    used 7871K, committed 8832K, reserved 1048576K
}

Dll operation events (15 events):
Event: 0.006 Loaded shared library C:\Users\keirahela\.jdks\corretto-22.0.2\bin\java.dll
Event: 0.029 Loaded shared library C:\Users\keirahela\.jdks\corretto-22.0.2\bin\jsvml.dll
Event: 0.056 Loaded shared library C:\Users\keirahela\.jdks\corretto-22.0.2\bin\zip.dll
Event: 0.058 Loaded shared library C:\Users\keirahela\.jdks\corretto-22.0.2\bin\instrument.dll
Event: 0.061 Loaded shared library C:\Users\keirahela\.jdks\corretto-22.0.2\bin\net.dll
Event: 0.062 Loaded shared library C:\Users\keirahela\.jdks\corretto-22.0.2\bin\nio.dll
Event: 0.063 Loaded shared library C:\Users\keirahela\.jdks\corretto-22.0.2\bin\zip.dll
Event: 0.172 Loaded shared library C:\Users\keirahela\.jdks\corretto-22.0.2\bin\jimage.dll
Event: 0.242 Loaded shared library C:\Users\keirahela\.jdks\corretto-22.0.2\bin\verify.dll
Event: 0.323 Loaded shared library C:\Users\keirahela\.gradle\native\c067742578af261105cb4f569cf0c3c89f3d7b1fecec35dd04571415982c5e48\windows-amd64\native-platform.dll
Event: 0.326 Loaded shared library C:\Users\keirahela\.gradle\native\100fb08df4bc3b14c8652ba06237920a3bd2aa13389f12d3474272988ae205f9\windows-amd64\native-platform-file-events.dll
Event: 0.902 Loaded shared library C:\Users\keirahela\.jdks\corretto-22.0.2\bin\management.dll
Event: 0.904 Loaded shared library C:\Users\keirahela\.jdks\corretto-22.0.2\bin\management_ext.dll
Event: 1.041 Loaded shared library C:\Users\keirahela\.jdks\corretto-22.0.2\bin\extnet.dll
Event: 1.102 Loaded shared library C:\Users\keirahela\.jdks\corretto-22.0.2\bin\sunmscapi.dll

Deoptimization events (20 events):
Event: 4.301 Thread 0x00000158001c1fc0 Uncommon trap: trap_request=0xffffffde fr.pc=0x000001582bc29258 relative=0x0000000000000298
Event: 4.301 Thread 0x00000158001c1fc0 Uncommon trap: reason=class_check action=maybe_recompile pc=0x000001582bc29258 method=java.util.regex.Matcher.search(I)Z @ 121 c2
Event: 4.301 Thread 0x00000158001c1fc0 DEOPT PACKING pc=0x000001582bc29258 sp=0x000000089dff3300
Event: 4.301 Thread 0x00000158001c1fc0 DEOPT UNPACKING pc=0x000001582b6346a2 sp=0x000000089dff3228 mode 2
Event: 4.301 Thread 0x00000158001c1fc0 Uncommon trap: trap_request=0xffffffde fr.pc=0x000001582bc29258 relative=0x0000000000000298
Event: 4.301 Thread 0x00000158001c1fc0 Uncommon trap: reason=class_check action=maybe_recompile pc=0x000001582bc29258 method=java.util.regex.Matcher.search(I)Z @ 121 c2
Event: 4.301 Thread 0x00000158001c1fc0 DEOPT PACKING pc=0x000001582bc29258 sp=0x000000089dff3300
Event: 4.301 Thread 0x00000158001c1fc0 DEOPT UNPACKING pc=0x000001582b6346a2 sp=0x000000089dff3228 mode 2
Event: 4.305 Thread 0x00000158001c1fc0 Uncommon trap: trap_request=0xffffffde fr.pc=0x000001582bc29258 relative=0x0000000000000298
Event: 4.305 Thread 0x00000158001c1fc0 Uncommon trap: reason=class_check action=maybe_recompile pc=0x000001582bc29258 method=java.util.regex.Matcher.search(I)Z @ 121 c2
Event: 4.305 Thread 0x00000158001c1fc0 DEOPT PACKING pc=0x000001582bc29258 sp=0x000000089dff32a0
Event: 4.305 Thread 0x00000158001c1fc0 DEOPT UNPACKING pc=0x000001582b6346a2 sp=0x000000089dff31c8 mode 2
Event: 4.305 Thread 0x00000158001c1fc0 Uncommon trap: trap_request=0xffffffde fr.pc=0x000001582bc29258 relative=0x0000000000000298
Event: 4.305 Thread 0x00000158001c1fc0 Uncommon trap: reason=class_check action=maybe_recompile pc=0x000001582bc29258 method=java.util.regex.Matcher.search(I)Z @ 121 c2
Event: 4.305 Thread 0x00000158001c1fc0 DEOPT PACKING pc=0x000001582bc29258 sp=0x000000089dff32a0
Event: 4.305 Thread 0x00000158001c1fc0 DEOPT UNPACKING pc=0x000001582b6346a2 sp=0x000000089dff31c8 mode 2
Event: 4.309 Thread 0x00000158001c1fc0 Uncommon trap: trap_request=0xffffffde fr.pc=0x000001582bbe5b00 relative=0x0000000000000840
Event: 4.309 Thread 0x00000158001c1fc0 Uncommon trap: reason=class_check action=maybe_recompile pc=0x000001582bbe5b00 method=java.util.regex.Matcher.search(I)Z @ 121 c2
Event: 4.309 Thread 0x00000158001c1fc0 DEOPT PACKING pc=0x000001582bbe5b00 sp=0x000000089dff3250
Event: 4.309 Thread 0x00000158001c1fc0 DEOPT UNPACKING pc=0x000001582b6346a2 sp=0x000000089dff3220 mode 2

Classes loaded (20 events):
Event: 4.192 Loading class javax/xml/catalog/Normalizer
Event: 4.192 Loading class javax/xml/catalog/Normalizer done
Event: 4.193 Loading class javax/xml/catalog/CatalogReader$1
Event: 4.193 Loading class javax/xml/catalog/CatalogReader$1 done
Event: 4.193 Loading class javax/xml/catalog/SystemEntry
Event: 4.193 Loading class javax/xml/catalog/SystemEntry done
Event: 4.193 Loading class com/sun/org/apache/xerces/internal/impl/io/MalformedByteSequenceException
Event: 4.193 Loading class java/io/CharConversionException
Event: 4.193 Loading class java/io/CharConversionException done
Event: 4.193 Loading class com/sun/org/apache/xerces/internal/impl/io/MalformedByteSequenceException done
Event: 4.193 Loading class javax/xml/parsers/DocumentBuilderFactory
Event: 4.193 Loading class javax/xml/parsers/DocumentBuilderFactory done
Event: 4.193 Loading class javax/xml/parsers/FactoryFinder
Event: 4.194 Loading class javax/xml/parsers/FactoryFinder done
Event: 4.194 Loading class javax/xml/parsers/FactoryFinder$1
Event: 4.194 Loading class javax/xml/parsers/FactoryFinder$1 done
Event: 4.194 Loading class com/sun/org/apache/xerces/internal/jaxp/DocumentBuilderFactoryImpl
Event: 4.194 Loading class com/sun/org/apache/xerces/internal/jaxp/DocumentBuilderFactoryImpl done
Event: 4.221 Loading class java/util/regex/Pattern$SliceI
Event: 4.221 Loading class java/util/regex/Pattern$SliceI done

Classes unloaded (0 events):
No events

Classes redefined (0 events):
No events

Internal exceptions (20 events):
Event: 3.622 Thread 0x00000158001c1fc0 Exception <a 'java/lang/NoSuchMethodError'{0x0000000083198d20}: 'java.lang.Object java.lang.invoke.DirectMethodHandle$Holder.invokeSpecial(java.lang.Object, java.lang.Object, java.lang.Object, java.lang.Object, java.lang.Object, java.lang.Object, java.lang.Object, java.lang.Object, java.lang.Object, java.lang.Object, java.lang.Object, java.lang.Object, java.lang.Object, java.lang.Object, java.lang.Object, java.lang.Object, java.lang.Object, java.lang.Object)'> (0x0000000083198d20) 
thrown [s\src\hotspot\sh
Event: 3.622 Thread 0x00000158001c1fc0 Exception <a 'java/lang/NoSuchMethodError'{0x000000008319e790}: 'java.lang.Object java.lang.invoke.DelegatingMethodHandle$Holder.reinvoke_L(java.lang.Object, java.lang.Object, java.lang.Object, java.lang.Object, java.lang.Object, java.lang.Object, java.lang.Object, java.lang.Object, java.lang.Object, java.lang.Object, java.lang.Object, java.lang.Object, java.lang.Object, java.lang.Object, java.lang.Object, java.lang.Object, java.lang.Object)'> (0x000000008319e790) 
thrown [s\src\hotspot\share\interpreter\l
Event: 3.642 Thread 0x00000158001c1fc0 Exception <a 'java/lang/NoSuchMethodError'{0x0000000082e190a8}: 'void java.lang.invoke.DirectMethodHandle$Holder.invokeStatic(java.lang.Object, java.lang.Object, java.lang.Object, java.lang.Object, java.lang.Object, java.lang.Object)'> (0x0000000082e190a8) 
thrown [s\src\hotspot\share\interpreter\linkResolver.cpp, line 774]
Event: 3.704 Thread 0x00000158001c1fc0 Exception <a 'java/lang/NoSuchMethodError'{0x0000000087c7aa88}: 'java.lang.Object java.lang.invoke.DirectMethodHandle$Holder.newInvokeSpecial(java.lang.Object, int, java.lang.Object)'> (0x0000000087c7aa88) 
thrown [s\src\hotspot\share\interpreter\linkResolver.cpp, line 774]
Event: 3.747 Thread 0x00000158001c1fc0 Exception <a 'java/lang/NoSuchMethodError'{0x0000000087556318}: 'java.lang.Object java.lang.invoke.DirectMethodHandle$Holder.newInvokeSpecial(java.lang.Object, java.lang.Object, java.lang.Object, int)'> (0x0000000087556318) 
thrown [s\src\hotspot\share\interpreter\linkResolver.cpp, line 774]
Event: 3.747 Thread 0x00000158001c1fc0 Exception <a 'java/lang/NoSuchMethodError'{0x000000008755b168}: 'java.lang.Object java.lang.invoke.Invokers$Holder.linkToTargetMethod(java.lang.Object, java.lang.Object, int, java.lang.Object)'> (0x000000008755b168) 
thrown [s\src\hotspot\share\interpreter\linkResolver.cpp, line 774]
Event: 3.766 Thread 0x00000158001c1fc0 Exception <a 'java/lang/NoSuchMethodError'{0x00000000873e2460}: 'int java.lang.invoke.DirectMethodHandle$Holder.invokeSpecialIFC(java.lang.Object, java.lang.Object, java.lang.Object)'> (0x00000000873e2460) 
thrown [s\src\hotspot\share\interpreter\linkResolver.cpp, line 774]
Event: 3.804 Thread 0x00000158001c1fc0 Exception <a 'java/lang/NoSuchMethodError'{0x000000008471c4b0}: 'java.lang.Object java.lang.invoke.DirectMethodHandle$Holder.invokeSpecial(java.lang.Object, java.lang.Object, java.lang.Object, java.lang.Object, java.lang.Object, long)'> (0x000000008471c4b0) 
thrown [s\src\hotspot\share\interpreter\linkResolver.cpp, line 774]
Event: 3.805 Thread 0x00000158001c1fc0 Exception <a 'java/lang/NoSuchMethodError'{0x0000000084745358}: 'void java.lang.invoke.DirectMethodHandle$Holder.invokeStatic(java.lang.Object, java.lang.Object, java.lang.Object, int, java.lang.Object)'> (0x0000000084745358) 
thrown [s\src\hotspot\share\interpreter\linkResolver.cpp, line 774]
Event: 3.848 Thread 0x00000158001c1fc0 Exception <a 'java/lang/NoSuchMethodError'{0x0000000084390760}: 'java.lang.Object java.lang.invoke.DirectMethodHandle$Holder.invokeSpecial(java.lang.Object, java.lang.Object, long, java.lang.Object, java.lang.Object)'> (0x0000000084390760) 
thrown [s\src\hotspot\share\interpreter\linkResolver.cpp, line 774]
Event: 3.965 Thread 0x00000158001c1fc0 Exception <a 'java/lang/NoSuchMethodError'{0x000000008397dc88}: 'java.lang.Object java.lang.invoke.DirectMethodHandle$Holder.newInvokeSpecial(java.lang.Object, java.lang.Object, java.lang.Object, java.lang.Object, int, java.lang.Object)'> (0x000000008397dc88) 
thrown [s\src\hotspot\share\interpreter\linkResolver.cpp, line 774]
Event: 3.965 Thread 0x00000158001c1fc0 Exception <a 'java/lang/NoSuchMethodError'{0x0000000083986e18}: 'java.lang.Object java.lang.invoke.Invokers$Holder.linkToTargetMethod(java.lang.Object, java.lang.Object, java.lang.Object, int, java.lang.Object, java.lang.Object)'> (0x0000000083986e18) 
thrown [s\src\hotspot\share\interpreter\linkResolver.cpp, line 774]
Event: 4.021 Thread 0x00000158001c1fc0 Exception <a 'java/lang/NoSuchMethodError'{0x0000000082f26840}: 'java.lang.Object java.lang.invoke.DirectMethodHandle$Holder.invokeSpecialIFC(java.lang.Object, java.lang.Object, java.lang.Object)'> (0x0000000082f26840) 
thrown [s\src\hotspot\share\interpreter\linkResolver.cpp, line 774]
Event: 4.196 Thread 0x00000158001c1fc0 Exception <a 'java/lang/NoSuchMethodError'{0x0000000083fb05a0}: 'java.lang.Object java.lang.invoke.DirectMethodHandle$Holder.newInvokeSpecial(java.lang.Object, java.lang.Object, java.lang.Object, java.lang.Object, java.lang.Object, java.lang.Object, java.lang.Object, java.lang.Object, java.lang.Object, java.lang.Object, java.lang.Object, java.lang.Object, java.lang.Object, java.lang.Object, java.lang.Object, java.lang.Object)'> (0x0000000083fb05a0) 
thrown [s\src\hotspot\share\interpreter\linkResolver.cpp,
Event: 4.196 Thread 0x00000158001c1fc0 Exception <a 'java/lang/NoSuchMethodError'{0x0000000083fb7a18}: 'java.lang.Object java.lang.invoke.DirectMethodHandle$Holder.invokeSpecial(java.lang.Object, java.lang.Object, java.lang.Object, java.lang.Object, java.lang.Object, java.lang.Object, java.lang.Object, java.lang.Object, java.lang.Object, java.lang.Object, java.lang.Object, java.lang.Object, java.lang.Object, java.lang.Object, java.lang.Object, java.lang.Object, java.lang.Object)'> (0x0000000083fb7a18) 
thrown [s\src\hotspot\share\interpreter\li
Event: 4.196 Thread 0x00000158001c1fc0 Exception <a 'java/lang/NoSuchMethodError'{0x0000000083fbe0a8}: 'java.lang.Object java.lang.invoke.DelegatingMethodHandle$Holder.reinvoke_L(java.lang.Object, java.lang.Object, java.lang.Object, java.lang.Object, java.lang.Object, java.lang.Object, java.lang.Object, java.lang.Object, java.lang.Object, java.lang.Object, java.lang.Object, java.lang.Object, java.lang.Object, java.lang.Object, java.lang.Object, java.lang.Object)'> (0x0000000083fbe0a8) 
thrown [s\src\hotspot\share\interpreter\linkResolver.cpp, l
Event: 4.245 Thread 0x00000158001c1fc0 Exception <a 'java/lang/NoSuchMethodError'{0x0000000083806f70}: 'void java.lang.invoke.DirectMethodHandle$Holder.invokeVirtual(java.lang.Object, java.lang.Object)'> (0x0000000083806f70) 
thrown [s\src\hotspot\share\interpreter\linkResolver.cpp, line 774]
Event: 4.331 Thread 0x00000158001c1fc0 Exception <a 'java/lang/NoSuchMethodError'{0x0000000082e3be78}: 'java.lang.Object java.lang.invoke.DirectMethodHandle$Holder.newInvokeSpecial(java.lang.Object, java.lang.Object, java.lang.Object, java.lang.Object, java.lang.Object, java.lang.Object, java.lang.Object, java.lang.Object, java.lang.Object, java.lang.Object, java.lang.Object, java.lang.Object, java.lang.Object, java.lang.Object, java.lang.Object, java.lang.Object, java.lang.Object, java.lang.Object, java.lang.Object, java.lang.Object, java.lang
Event: 4.332 Thread 0x00000158001c1fc0 Exception <a 'java/lang/NoSuchMethodError'{0x0000000082e44608}: 'java.lang.Object java.lang.invoke.DirectMethodHandle$Holder.invokeSpecial(java.lang.Object, java.lang.Object, java.lang.Object, java.lang.Object, java.lang.Object, java.lang.Object, java.lang.Object, java.lang.Object, java.lang.Object, java.lang.Object, java.lang.Object, java.lang.Object, java.lang.Object, java.lang.Object, java.lang.Object, java.lang.Object, java.lang.Object, java.lang.Object, java.lang.Object, java.lang.Object, java.lang.Ob
Event: 4.332 Thread 0x00000158001c1fc0 Exception <a 'java/lang/NoSuchMethodError'{0x0000000082e4b930}: 'java.lang.Object java.lang.invoke.DelegatingMethodHandle$Holder.reinvoke_L(java.lang.Object, java.lang.Object, java.lang.Object, java.lang.Object, java.lang.Object, java.lang.Object, java.lang.Object, java.lang.Object, java.lang.Object, java.lang.Object, java.lang.Object, java.lang.Object, java.lang.Object, java.lang.Object, java.lang.Object, java.lang.Object, java.lang.Object, java.lang.Object, java.lang.Object, java.lang.Object, java.lang.O

ZGC Phase Switch (0 events):
No events

VM Operations (20 events):
Event: 3.455 Executing VM operation: HandshakeAllThreads (Deoptimize) done
Event: 3.675 Executing VM operation: G1CollectForAllocation (G1 Evacuation Pause)
Event: 3.678 Executing VM operation: G1CollectForAllocation (G1 Evacuation Pause) done
Event: 3.774 Executing VM operation: HandshakeAllThreads (Deoptimize)
Event: 3.774 Executing VM operation: HandshakeAllThreads (Deoptimize) done
Event: 3.913 Executing VM operation: ICBufferFull
Event: 3.913 Executing VM operation: ICBufferFull done
Event: 3.949 Executing VM operation: HandshakeAllThreads (Deoptimize)
Event: 3.949 Executing VM operation: HandshakeAllThreads (Deoptimize) done
Event: 3.963 Executing VM operation: HandshakeAllThreads (Deoptimize)
Event: 3.963 Executing VM operation: HandshakeAllThreads (Deoptimize) done
Event: 4.022 Executing VM operation: ICBufferFull
Event: 4.022 Executing VM operation: ICBufferFull done
Event: 4.036 Executing VM operation: G1CollectForAllocation (G1 Evacuation Pause)
Event: 4.041 Executing VM operation: G1CollectForAllocation (G1 Evacuation Pause) done
Event: 4.170 Executing VM operation: ICBufferFull
Event: 4.170 Executing VM operation: ICBufferFull done
Event: 4.180 Executing VM operation: HandshakeAllThreads (Deoptimize)
Event: 4.180 Executing VM operation: HandshakeAllThreads (Deoptimize) done
Event: 4.334 Executing VM operation: G1CollectForAllocation (G1 Evacuation Pause)

Memory protections (0 events):
No events

Nmethod flushes (20 events):
Event: 2.809 Thread 0x0000015838acfb60 flushing  nmethod 0x0000015824193690
Event: 2.809 Thread 0x0000015838acfb60 flushing  nmethod 0x0000015824195590
Event: 2.809 Thread 0x0000015838acfb60 flushing  nmethod 0x0000015824197e10
Event: 2.809 Thread 0x0000015838acfb60 flushing  nmethod 0x0000015824198f90
Event: 2.809 Thread 0x0000015838acfb60 flushing  nmethod 0x00000158241f3890
Event: 2.809 Thread 0x0000015838acfb60 flushing  nmethod 0x00000158241f4290
Event: 2.809 Thread 0x0000015838acfb60 flushing  nmethod 0x00000158241f4610
Event: 2.809 Thread 0x0000015838acfb60 flushing  nmethod 0x00000158241f4c10
Event: 2.809 Thread 0x0000015838acfb60 flushing  nmethod 0x00000158241f5d90
Event: 2.809 Thread 0x0000015838acfb60 flushing  nmethod 0x00000158241f6410
Event: 2.809 Thread 0x0000015838acfb60 flushing  nmethod 0x00000158241f6990
Event: 2.809 Thread 0x0000015838acfb60 flushing  nmethod 0x00000158241f8910
Event: 2.809 Thread 0x0000015838acfb60 flushing  nmethod 0x00000158241f9c10
Event: 2.809 Thread 0x0000015838acfb60 flushing  nmethod 0x00000158241fda10
Event: 2.809 Thread 0x0000015838acfb60 flushing  nmethod 0x000001582424dd10
Event: 2.809 Thread 0x0000015838acfb60 flushing  nmethod 0x000001582424e010
Event: 2.809 Thread 0x0000015838acfb60 flushing  nmethod 0x0000015824250010
Event: 2.809 Thread 0x0000015838acfb60 flushing  nmethod 0x0000015824255010
Event: 2.809 Thread 0x0000015838acfb60 flushing  nmethod 0x0000015824440710
Event: 2.809 Thread 0x0000015838acfb60 flushing  nmethod 0x0000015824493c10

Events (20 events):
Event: 3.984 Thread 0x00000158001c1fc0 Thread added: 0x0000015804988000
Event: 3.985 Thread 0x00000158001c1fc0 Thread added: 0x0000015804981700
Event: 3.986 Thread 0x00000158001c1fc0 Thread added: 0x00000158049844f0
Event: 3.987 Thread 0x00000158001c1fc0 Thread added: 0x00000158047d2400
Event: 3.988 Thread 0x00000158001c1fc0 Thread added: 0x00000158047cceb0
Event: 3.989 Thread 0x00000158001c1fc0 Thread added: 0x00000158047d09c0
Event: 3.990 Thread 0x00000158001c1fc0 Thread added: 0x00000158047ce8f0
Event: 3.991 Thread 0x00000158001c1fc0 Thread added: 0x00000158047cbb00
Event: 4.021 Thread 0x00000158001c1fc0 Thread added: 0x00000158047d1050
Event: 4.022 Thread 0x00000158001c1fc0 Thread added: 0x00000158047cd540
Event: 4.022 Thread 0x00000158001c1fc0 Thread added: 0x00000158047d16e0
Event: 4.023 Thread 0x00000158001c1fc0 Thread added: 0x00000158047cdbd0
Event: 4.023 Thread 0x00000158001c1fc0 Thread added: 0x00000158047cc190
Event: 4.024 Thread 0x00000158001c1fc0 Thread added: 0x00000158047d0330
Event: 4.024 Thread 0x00000158001c1fc0 Thread added: 0x00000158047cc820
Event: 4.024 Thread 0x00000158001c1fc0 Thread added: 0x00000158047d1d70
Event: 4.025 Thread 0x00000158001c1fc0 Thread added: 0x00000158047ce260
Event: 4.026 Thread 0x00000158001c1fc0 Thread added: 0x00000158047d2a90
Event: 4.026 Thread 0x00000158001c1fc0 Thread added: 0x00000158047d3120
Event: 4.233 Thread 0x00000158001c1fc0 Thread added: 0x00000158047cef80


Dynamic libraries:
0x00007ff66bb10000 - 0x00007ff66bb1e000 	C:\Users\keirahela\.jdks\corretto-22.0.2\bin\java.exe
0x00007ffb990d0000 - 0x00007ffb992c8000 	C:\WINDOWS\SYSTEM32\ntdll.dll
0x00007ffb97dc0000 - 0x00007ffb97e82000 	C:\WINDOWS\System32\KERNEL32.DLL
0x00007ffb96830000 - 0x00007ffb96b2e000 	C:\WINDOWS\System32\KERNELBASE.dll
0x00007ffb96b30000 - 0x00007ffb96c30000 	C:\WINDOWS\System32\ucrtbase.dll
0x00007ffb7c0f0000 - 0x00007ffb7c10b000 	C:\Users\keirahela\.jdks\corretto-22.0.2\bin\VCRUNTIME140.dll
0x00007ffb7c000000 - 0x00007ffb7c017000 	C:\Users\keirahela\.jdks\corretto-22.0.2\bin\jli.dll
0x00007ffb984e0000 - 0x00007ffb9867d000 	C:\WINDOWS\System32\USER32.dll
0x00007ffb7d3b0000 - 0x00007ffb7d64a000 	C:\WINDOWS\WinSxS\amd64_microsoft.windows.common-controls_6595b64144ccf1df_6.0.19041.4355_none_60b8b9eb71f62e16\COMCTL32.dll
0x00007ffb96800000 - 0x00007ffb96822000 	C:\WINDOWS\System32\win32u.dll
0x00007ffb98320000 - 0x00007ffb983be000 	C:\WINDOWS\System32\msvcrt.dll
0x00007ffb981a0000 - 0x00007ffb981cb000 	C:\WINDOWS\System32\GDI32.dll
0x00007ffb96e70000 - 0x00007ffb96f87000 	C:\WINDOWS\System32\gdi32full.dll
0x00007ffb96d30000 - 0x00007ffb96dcd000 	C:\WINDOWS\System32\msvcp_win.dll
0x00007ffb97560000 - 0x00007ffb9758f000 	C:\WINDOWS\System32\IMM32.DLL
0x00007ffb7cb10000 - 0x00007ffb7cb1c000 	C:\Users\keirahela\.jdks\corretto-22.0.2\bin\vcruntime140_1.dll
0x00007ffb67ab0000 - 0x00007ffb67b3d000 	C:\Users\keirahela\.jdks\corretto-22.0.2\bin\msvcp140.dll
0x00007ffb2ccd0000 - 0x00007ffb2daa1000 	C:\Users\keirahela\.jdks\corretto-22.0.2\bin\server\jvm.dll
0x00007ffb98680000 - 0x00007ffb98731000 	C:\WINDOWS\System32\ADVAPI32.dll
0x00007ffb97b70000 - 0x00007ffb97c0f000 	C:\WINDOWS\System32\sechost.dll
0x00007ffb98eb0000 - 0x00007ffb98fd3000 	C:\WINDOWS\System32\RPCRT4.dll
0x00007ffb96e40000 - 0x00007ffb96e67000 	C:\WINDOWS\System32\bcrypt.dll
0x00007ffb98110000 - 0x00007ffb9817b000 	C:\WINDOWS\System32\WS2_32.dll
0x00007ffb95ca0000 - 0x00007ffb95ceb000 	C:\WINDOWS\SYSTEM32\POWRPROF.dll
0x00007ffb90c40000 - 0x00007ffb90c4a000 	C:\WINDOWS\SYSTEM32\VERSION.dll
0x00007ffb8cf80000 - 0x00007ffb8cfa7000 	C:\WINDOWS\SYSTEM32\WINMM.dll
0x00007ffb95b70000 - 0x00007ffb95b82000 	C:\WINDOWS\SYSTEM32\UMPDC.dll
0x00007ffb94610000 - 0x00007ffb94622000 	C:\WINDOWS\SYSTEM32\kernel.appcore.dll
0x00007ffb7c440000 - 0x00007ffb7c44a000 	C:\Users\keirahela\.jdks\corretto-22.0.2\bin\jimage.dll
0x00007ffb8bce0000 - 0x00007ffb8bec4000 	C:\WINDOWS\SYSTEM32\DBGHELP.DLL
0x00007ffb79b90000 - 0x00007ffb79bc4000 	C:\WINDOWS\SYSTEM32\dbgcore.DLL
0x00007ffb96770000 - 0x00007ffb967f2000 	C:\WINDOWS\System32\bcryptPrimitives.dll
0x00007ffb7c150000 - 0x00007ffb7c15e000 	C:\Users\keirahela\.jdks\corretto-22.0.2\bin\instrument.dll
0x00007ffb7bfe0000 - 0x00007ffb7bffe000 	C:\Users\keirahela\.jdks\corretto-22.0.2\bin\java.dll
0x00007ffb98740000 - 0x00007ffb98ead000 	C:\WINDOWS\System32\SHELL32.dll
0x00007ffb97a30000 - 0x00007ffb97b5b000 	C:\WINDOWS\System32\ole32.dll
0x00007ffb97590000 - 0x00007ffb978e3000 	C:\WINDOWS\System32\combase.dll
0x00007ffb94810000 - 0x00007ffb94fb3000 	C:\WINDOWS\SYSTEM32\windows.storage.dll
0x00007ffb961a0000 - 0x00007ffb961ce000 	C:\WINDOWS\SYSTEM32\Wldp.dll
0x00007ffb97fe0000 - 0x00007ffb980ad000 	C:\WINDOWS\System32\OLEAUT32.dll
0x00007ffb97970000 - 0x00007ffb97a1d000 	C:\WINDOWS\System32\SHCORE.dll
0x00007ffb980b0000 - 0x00007ffb98105000 	C:\WINDOWS\System32\shlwapi.dll
0x00007ffb966a0000 - 0x00007ffb966c4000 	C:\WINDOWS\SYSTEM32\profapi.dll
0x00007ffb679d0000 - 0x00007ffb67aa7000 	C:\Users\keirahela\.jdks\corretto-22.0.2\bin\jsvml.dll
0x00007ffb7be70000 - 0x00007ffb7be87000 	C:\Users\keirahela\.jdks\corretto-22.0.2\bin\zip.dll
0x00007ffb7bfd0000 - 0x00007ffb7bfe0000 	C:\Users\keirahela\.jdks\corretto-22.0.2\bin\net.dll
0x00007ffb95f00000 - 0x00007ffb95f6a000 	C:\WINDOWS\system32\mswsock.dll
0x00007ffb7be50000 - 0x00007ffb7be66000 	C:\Users\keirahela\.jdks\corretto-22.0.2\bin\nio.dll
0x00007ffb7be40000 - 0x00007ffb7be50000 	C:\Users\keirahela\.jdks\corretto-22.0.2\bin\verify.dll
0x00007ffb7c160000 - 0x00007ffb7c187000 	C:\Users\keirahela\.gradle\native\c067742578af261105cb4f569cf0c3c89f3d7b1fecec35dd04571415982c5e48\windows-amd64\native-platform.dll
0x00007ffb656a0000 - 0x00007ffb657e4000 	C:\Users\keirahela\.gradle\native\100fb08df4bc3b14c8652ba06237920a3bd2aa13389f12d3474272988ae205f9\windows-amd64\native-platform-file-events.dll
0x00007ffb7be30000 - 0x00007ffb7be39000 	C:\Users\keirahela\.jdks\corretto-22.0.2\bin\management.dll
0x00007ffb7bdd0000 - 0x00007ffb7bddb000 	C:\Users\keirahela\.jdks\corretto-22.0.2\bin\management_ext.dll
0x00007ffb97b60000 - 0x00007ffb97b68000 	C:\WINDOWS\System32\PSAPI.DLL
0x00007ffb96100000 - 0x00007ffb96118000 	C:\WINDOWS\SYSTEM32\CRYPTSP.dll
0x00007ffb957b0000 - 0x00007ffb957e4000 	C:\WINDOWS\system32\rsaenh.dll
0x00007ffb96660000 - 0x00007ffb9668e000 	C:\WINDOWS\SYSTEM32\USERENV.dll
0x00007ffb960f0000 - 0x00007ffb960fc000 	C:\WINDOWS\SYSTEM32\CRYPTBASE.dll
0x00007ffb95b90000 - 0x00007ffb95bcb000 	C:\WINDOWS\SYSTEM32\IPHLPAPI.DLL
0x00007ffb97a20000 - 0x00007ffb97a28000 	C:\WINDOWS\System32\NSI.dll
0x00007ffb7bdc0000 - 0x00007ffb7bdc9000 	C:\Users\keirahela\.jdks\corretto-22.0.2\bin\extnet.dll
0x00007ffb7bdb0000 - 0x00007ffb7bdbe000 	C:\Users\keirahela\.jdks\corretto-22.0.2\bin\sunmscapi.dll
0x00007ffb96f90000 - 0x00007ffb970ec000 	C:\WINDOWS\System32\CRYPT32.dll
0x00007ffb96210000 - 0x00007ffb96237000 	C:\WINDOWS\SYSTEM32\ncrypt.dll
0x00007ffb961d0000 - 0x00007ffb9620b000 	C:\WINDOWS\SYSTEM32\NTASN1.dll
0x00007ffb82d30000 - 0x00007ffb82d37000 	C:\WINDOWS\system32\wshunix.dll

dbghelp: loaded successfully - version: 4.0.5 - missing functions: none
symbol engine: initialized successfully - sym options: 0x614 - pdb path: .;C:\Users\keirahela\.jdks\corretto-22.0.2\bin;C:\WINDOWS\SYSTEM32;C:\WINDOWS\WinSxS\amd64_microsoft.windows.common-controls_6595b64144ccf1df_6.0.19041.4355_none_60b8b9eb71f62e16;C:\Users\keirahela\.jdks\corretto-22.0.2\bin\server;C:\Users\keirahela\.gradle\native\c067742578af261105cb4f569cf0c3c89f3d7b1fecec35dd04571415982c5e48\windows-amd64;C:\Users\keirahela\.gradle\native\100fb08df4bc3b14c8652ba06237920a3bd2aa13389f12d3474272988ae205f9\windows-amd64

VM Arguments:
jvm_args: --add-opens=java.base/java.util=ALL-UNNAMED --add-opens=java.base/java.lang=ALL-UNNAMED --add-opens=java.base/java.lang.invoke=ALL-UNNAMED --add-opens=java.prefs/java.util.prefs=ALL-UNNAMED --add-exports=jdk.compiler/com.sun.tools.javac.api=ALL-UNNAMED --add-exports=jdk.compiler/com.sun.tools.javac.util=ALL-UNNAMED --add-opens=java.base/java.nio.charset=ALL-UNNAMED --add-opens=java.base/java.net=ALL-UNNAMED --add-opens=java.base/java.util.concurrent.atomic=ALL-UNNAMED -Xmx2g -Dfile.encoding=windows-1250 -Duser.country=HU -Duser.language=hu -Duser.variant -javaagent:C:\Users\keirahela\.gradle\wrapper\dists\gradle-8.9-bin\90cnw93cvbtalezasaz0blq0a\gradle-8.9\lib\agents\gradle-instrumentation-agent-8.9.jar 
java_command: org.gradle.launcher.daemon.bootstrap.GradleDaemon 8.9
java_class_path (initial): C:\Users\keirahela\.gradle\wrapper\dists\gradle-8.9-bin\90cnw93cvbtalezasaz0blq0a\gradle-8.9\lib\gradle-daemon-main-8.9.jar
Launcher Type: SUN_STANDARD

[Global flags]
     intx CICompilerCount                          = 4                                         {product} {ergonomic}
     uint ConcGCThreads                            = 3                                         {product} {ergonomic}
     uint G1ConcRefinementThreads                  = 10                                        {product} {ergonomic}
   size_t G1HeapRegionSize                         = 1048576                                   {product} {ergonomic}
   size_t InitialHeapSize                          = 266338304                                 {product} {ergonomic}
   size_t MarkStackSize                            = 4194304                                   {product} {ergonomic}
   size_t MaxHeapSize                              = 2147483648                                {product} {command line}
   size_t MaxNewSize                               = 1287651328                                {product} {ergonomic}
   size_t MinHeapDeltaBytes                        = 1048576                                   {product} {ergonomic}
   size_t MinHeapSize                              = 8388608                                   {product} {ergonomic}
    uintx NonNMethodCodeHeapSize                   = 5839372                                {pd product} {ergonomic}
    uintx NonProfiledCodeHeapSize                  = 122909434                              {pd product} {ergonomic}
    uintx ProfiledCodeHeapSize                     = 122909434                              {pd product} {ergonomic}
    uintx ReservedCodeCacheSize                    = 251658240                              {pd product} {ergonomic}
     bool SegmentedCodeCache                       = true                                      {product} {ergonomic}
   size_t SoftMaxHeapSize                          = 2147483648                             {manageable} {ergonomic}
     bool UseCompressedOops                        = true                           {product lp64_product} {ergonomic}
     bool UseG1GC                                  = true                                      {product} {ergonomic}
     bool UseLargePagesIndividualAllocation        = false                                  {pd product} {ergonomic}

Logging:
Log output configuration:
 #0: stdout all=warning uptime,level,tags foldmultilines=false
 #1: stderr all=off uptime,level,tags foldmultilines=false

Environment Variables:
PATH=C:\Program Files (x86)\Common Files\Oracle\Java\javapath;C:\Program Files (x86)\NVIDIA Corporation\PhysX\Common;C:\WINDOWS\system32;C:\WINDOWS;C:\WINDOWS\System32\Wbem;C:\WINDOWS\System32\WindowsPowerShell\v1.0\;C:\WINDOWS\System32\OpenSSH\;C:\Program Files\dotnet\;C:\Program Files\Git\cmd;C:\Users\keirahela\AppData\Local\Microsoft\WindowsApps;C:\Users\keirahela\.dotnet\tools;C:\Program Files\JetBrains\IntelliJ IDEA 2024.1\bin;;C:\Users\keirahela\AppData\Local\Programs\Microsoft VS Code\bin
USERNAME=keirahela
OS=Windows_NT
PROCESSOR_IDENTIFIER=Intel64 Family 6 Model 165 Stepping 3, GenuineIntel
TMP=C:\Users\KEIRAH~1\AppData\Local\Temp
TEMP=C:\Users\KEIRAH~1\AppData\Local\Temp




Periodic native trim disabled

---------------  S Y S T E M  ---------------

OS:
 Windows 10 , 64 bit Build 19041 (10.0.19041.5198)
OS uptime: 2 days 7:58 hours

CPU: total 12 (initial active 12) (6 cores per cpu, 2 threads per core) family 6 model 165 stepping 3 microcode 0xf0, cx8, cmov, fxsr, ht, mmx, 3dnowpref, sse, sse2, sse3, ssse3, sse4.1, sse4.2, popcnt, lzcnt, tsc, tscinvbit, avx, avx2, aes, erms, clmul, bmi1, bmi2, adx, fma, vzeroupper, clflush, clflushopt, rdtscp, f16c
Processor Information for all 12 processors :
  Max Mhz: 2901, Current Mhz: 2901, Mhz Limit: 2901

Memory: 4k page, system-wide physical 16137M (1179M free)
TotalPageFile size 32137M (AvailPageFile size 12118M)
current process WorkingSet (physical memory assigned to process): 317M, peak: 319M
current process commit charge ("private bytes"): 361M, peak: 460M

vm_info: OpenJDK 64-Bit Server VM (22.0.2+9-FR) for windows-amd64 JRE (22.0.2+9-FR), built on 2024-07-09T01:10:09Z by "Administrator" with MS VC++ 16.10 / 16.11 (VS2019)

END.
